Sceneryobjects\Ruede\forest_backdrop01.sco
1186494564
1186494564
-1
Sceneryobjects\Streetobjects_RUE\DDR_Pole_Beton_cable.sco
1133249363
1133249363
-1
Sceneryobjects\Trees_MC\shrubbery_01_20.sco
1149917586
1149917586
-1
Sceneryobjects\Trees_MC\shrubbery_03_20.sco
1149917591
1149917591
-1
Sceneryobjects\Trees_MC\shrubbery_03_20_mod.sco
1155353264
1155353264
-1
Sceneryobjects\Trees_MC\shrubbery_04_20.sco
1149917595
1149917595
-1
Sceneryobjects\Trees_MC\tree_medium_02.sco
1133249359
1133249359
-1
Sceneryobjects\Trees_MC\tree_medium_04.sco
1133249359
1133249359
-1
Sceneryobjects\Trees_MC\tree_medium_06.sco
1133249443
1133249443
-1
Sceneryobjects\Trees_MC\tree_medium_07.sco
1133249367
1133249367
-1
Sceneryobjects\Trees_MC\tree_medium_09.sco
1133249443
1133249443
-1
Splines\M96\Potez300\plantaze1-9-5-2 - breg-desno1.sli
1290833710
-
-
Splines\M96\Potez300\plantaze1-9-5-2.sli
1290833675
-
-
Splines\Ruede\Kabel_holzmast_6m.sli
1196580411
-
-
