Sceneryobjects\AFG_Others\light01_s.sco
1116124304
1116124304
-1
Sceneryobjects\Objects_RS\Zaun_Tor_6m_01.sco
1063221282
1063221282
-1
Sceneryobjects\Objects_SN\Zaun_5m_01.sco
1291150073
1291150073
-1
Sceneryobjects\Objects_SN\Zaun_5m_03.sco
1291150073
1291150073
-1
Sceneryobjects\Objects_SN\Zaun_Tor_6m_02.sco
1291150073
1291150073
-1
Sceneryobjects\Trees_MC\shrubbery_01_20.sco
1133251405
1133251405
-1
Sceneryobjects\Trees_MC\shrubbery_03_05.sco
1133251468
1133251468
-1
Sceneryobjects\Trees_MC\tree_medium_02.sco
1133251407
1133251407
-1
Splines\M96\Belgrade-Potez300\Test_skrzyzowania\Asfalt_3m.sli
1080982357
-
-
Splines\M96\Potez300\7,5-desni-trotoar-bez-linija  - no_ai.sli
1256891077
-
-
Splines\M96\Potez300\9-5-trotoar-centriran3.sli
1351194664
-
-
Splines\M96\Potez300\put-6-5m.sli
1323995665
-
-
Splines\M96\Potez300\RQ_9,5_2spur_6,5m_Levi-Sidewalk.sli
1322287610
-
-
Splines\M96\Potez300\RQ_9,5_2spur_6,5m_Sidewalk.sli
1047221002
-
-
