Sceneryobjects\AFG_Others\light01_s.sco
1116124304
1116124304
-1
Sceneryobjects\Amfitrion\Kiosk_RUCH.sco
1080343602
1080343602
-1
Sceneryobjects\Belgrade\BusOznakaBG2\BusOznakaBG2.sco
1196524458
1196524458
-1
Sceneryobjects\Buildings_MC\bw_med_01.sco
1323588518
1323588518
-1
Sceneryobjects\Buildings_MC\bw_supermarkt_1B.sco
1323588547
1323588547
-1
Sceneryobjects\Buildings_MC\bw_supermarkt_3.sco
1323588538
1323588538
-1
Sceneryobjects\Buildings_MC\schul_freiherr_2.sco
1323588567
1323588567
-1
Sceneryobjects\D016_znacky\InfProvozni\IP2-Zpomal_prah.sco
1117673243
1117673243
-1
Sceneryobjects\D016_znacky\InfProvozni\IP6-Prechod_chodci.sco
1117673653
1117673653
-1
Sceneryobjects\Generic\bus_stop.sco
1186492451
1186492451
-1
Sceneryobjects\Generic\car_park.sco
1186492418
1186492418
-1
Sceneryobjects\Generic\entrypoint_bus.sco
1186492418
1186492418
-1
Sceneryobjects\Generic\people_standing_small.sco
1186492558
1186492558
-1
Sceneryobjects\Generic\routearrow_R.sco
1186492278
1186492278
-1
Sceneryobjects\Generic\routearrows_busstop.sco
1186492513
1186492513
-1
Sceneryobjects\Gonzales\Stanica pecurka.sco
1201322757
1201322757
-1
Sceneryobjects\Gonzales\Stanica.sco
1201322762
1201322762
-1
Sceneryobjects\M96\Potez300\begaljica\kuca-okretnica\kuca-okretnica.sco
1317838213
1317838213
-1
Sceneryobjects\M96\Potez300\znakovi\stubovi-mod\sloupek.sco
1334880419
1334880419
-1
Sceneryobjects\Trees_MC\shrubbery_03_20.sco
1133251479
1133251479
-1
Sceneryobjects\Trees_MC\shrubbery_04_10.sco
1133251450
1133251450
-1
Sceneryobjects\Trees_MC\tree_large_01.sco
1133251457
1133251457
-1
Sceneryobjects\Trees_MC\tree_large_04.sco
1133251468
1133251468
-1
Sceneryobjects\Trees_MC\tree_medium_02.sco
1133251407
1133251407
-1
Sceneryobjects\Trees_MC\tree_medium_04.sco
1133251407
1133251407
-1
Sceneryobjects\Trees_MC\tree_medium_05.sco
1133251468
1133251468
-1
Sceneryobjects\Trees_MC\tree_medium_07.sco
1133251415
1133251415
-1
Sceneryobjects\Trees_MC\tree_medium_08.sco
1133251407
1133251407
-1
Sceneryobjects\UL\domek1.sco
1083858946
1083858946
-1
Sceneryobjects\UL\domek16.sco
1083859122
1083859122
-1
Sceneryobjects\UL\domek17.sco
1083859129
1083859129
-1
Sceneryobjects\UL\domek19.sco
1083859145
1083859145
-1
Sceneryobjects\UL\domek27.sco
1085826717
1085826717
-1
Sceneryobjects\UL\domek6.sco
1083859044
1083859044
-1
Sceneryobjects\UL\ryj_2.sco
1085758893
1085758893
-1
Splines\BS_ADDON_CreativeStreets\Gehwege\BS_Gehweg_Pflaster04_MD_04m.sli
1178238832
-
-
Splines\BS_ADDON_CreativeStreets\Gehwege\BS_Gehweg_Pflaster04_OD_02m.sli
1178238832
-
-
Splines\BS_ADDON_CreativeStreets\Gehwege\BS_Gehweg_Pflaster04_OD_04m.sli
1178238832
-
-
Splines\BS_ADDON_CreativeStreets\Gehwege\BS_Gehweg_Pflaster04_OD_05m.sli
1178238832
-
-
Splines\BS_ADDON_CreativeStreets\Natur\BS_Natur_Buesche04_EN.sli
1179101483
-
-
Splines\BS_ADDON_CreativeStreets\Strassenmarkierungen\BS_StrMarkierung_Zebrastreifen_S.sli
1184271481
-
-
Splines\M96\Ograde\ograda-grocka-1.sli
1353488975
-
-
Splines\M96\Ograde\ograda-grocka-2.sli
1353947791
-
-
Splines\M96\Ograde\ograda-grocka-3.sli
1353490800
-
-
Splines\M96\Potez300\7,5-bez-linija-ai.sli
1253143730
-
-
Splines\M96\Potez300\7,5-desni-trotoar-bez-linija - 6m.sli
1284671896
-
-
Splines\M96\Potez300\Chodnik_kraweznik_1,2m.sli
1080529409
-
-
Splines\M96\Razno\LezeciPolicajac\lezeci-policajac.sli
1353953541
-
-
Splines\M96\Test_skrzyzowania\Asfalt_10m.sli
1080980796
-
-
Splines\M96\Test_skrzyzowania\Asfalt_2m.sli
1080980304
-
-
Splines\M96\Test_skrzyzowania\Asfalt_7m.sli
1080980715
-
-
Splines\M96\Test_skrzyzowania\Bruk_10m.sli
1091273671
-
-
Splines\M96\Test_skrzyzowania\Bruk_4m.sli
1091273703
-
-
Splines\Terrain Spline\Terrain Spline_Other textures\Terrain-Spline_Innenstadt2\8mTerrain_Spline_Innenstadt2.sli
1157911330
-
-
Splines\Test_skrzyzowania\Asfalt_5m.sli
1080980407
-
-
