Sceneryobjects\Buildings_MC\bw_supermarkt_1.sco
1323588519
1323588519
-1
Sceneryobjects\Generic\car_park.sco
1186492418
1186492418
-1
Sceneryobjects\M96\Potez300\bolec\idea.sco
1351331193
1351331193
-1
Sceneryobjects\M96\Potez300\bolec\objekat1.sco
1352116395
1352116395
-1
Sceneryobjects\M96\Potez300\ograde\zicana-1.sco
1282318043
1282318043
-1
Sceneryobjects\O.L.K. Orlen\tank_2.sco
1109919366
1109919366
-1
Sceneryobjects\Objects_SN\Zaun_6m_03.sco
1291150073
1291150073
-1
Sceneryobjects\Streetobjects_RUE\neonlight_L_bend_L.sco
1186492615
1186492615
-1
Sceneryobjects\Trees_MC\shrubbery_04_20.sco
1133251411
1133251411
-1
Sceneryobjects\Trees_MC\tree_medium_03.sco
1133251451
1133251451
-1
Sceneryobjects\Trees_MC\tree_medium_09.sco
1133251491
1133251491
-1
Sceneryobjects\Trees_MC\Tree_Small_08.sco
1133251467
1133251467
-1
Splines\M96\Belgrade-Potez300\Test_skrzyzowania\PARKING.sli
1092309448
-
-
Splines\M96\Potez300\9,5_isprekidana_linija-bez-bocnih.sli
1260028244
-
-
Splines\M96\Potez300\9-5-trotoar-centriran3.sli
1351194664
-
-
Splines\M96\Potez300\Asfalt_10m-svetli2.sli
1283039016
-
-
Splines\M96\Potez300\Asfalt_7m-svetli2.sli
1282846038
-
-
Splines\M96\Potez300\RQ_9,5_2spur_6,5m_Desni-Sidewalk.sli
1322287890
-
-
Splines\M96\Potez300\RQ_9,5_2spur_6,5m_Sidewalk - bocne-linije.sli
1292141623
-
-
Splines\M96\Test_skrzyzowania\Asfalt_14m.sli
1080980908
-
-
Splines\M96\Test_skrzyzowania\Asfalt_18m.sli
1080980971
-
-
Splines\M96\Test_skrzyzowania\Asfalt_7m.sli
1080980715
-
-
Splines\Test_skrzyzowania\Kraweznik_trawa_0,2m.sli
1080596129
-
-
