Sceneryobjects\AFG_Line_235\MO_build23.sco
1093448099
1093448099
-1
Sceneryobjects\Generic\bus_stop.sco
1133249430
1133249430
-1
Sceneryobjects\Generic\people_standing_small.sco
1133249352
1133249352
-1
Sceneryobjects\Generic\routearrows_busstop.sco
1133249418
1133249418
-1
Sceneryobjects\Gonzales\Stanica.sco
1201320714
1201320714
-1
Sceneryobjects\Kostelec_T18\ploty_zidky\Plot_9_A.sco
1183294646
1183294646
-1
Sceneryobjects\M96\Potez300\buildings_rue_mod\Haus02c2.sco
1133249351
1133249351
-1
Sceneryobjects\M96\Potez300\ograde\betonska-1v2.sco
1285186147
1285186147
-1
Sceneryobjects\mmiki26\dom 4\dmk4.sco
1120834755
1120834755
-1
Sceneryobjects\Ruede\forest_backdrop01.sco
1186494564
1186494564
-1
Sceneryobjects\Streetobjects_RUE\DDR_Pole_Beton_cable.sco
1133249363
1133249363
-1
Sceneryobjects\Streetobjects_RUE\neonlight_L_bend_L.sco
1133249402
1133249402
-1
Sceneryobjects\Streetobjects_RUE\neonlight_S_wood.sco
1133249419
1133249419
-1
Sceneryobjects\Trees_MC\shrubbery_01_20.sco
1149917586
1149917586
-1
Sceneryobjects\Trees_MC\shrubbery_03_10_mod.sco
1155353261
1155353261
-1
Sceneryobjects\Trees_MC\shrubbery_03_20.sco
1149917591
1149917591
-1
Sceneryobjects\Trees_MC\shrubbery_03_20_mod.sco
1155353264
1155353264
-1
Sceneryobjects\Trees_MC\shrubbery_04_20.sco
1149917595
1149917595
-1
Sceneryobjects\Trees_MC\tree_large_04.sco
1133249420
1133249420
-1
Sceneryobjects\Trees_MC\tree_medium_02.sco
1133249359
1133249359
-1
Sceneryobjects\Trees_MC\tree_medium_04.sco
1133249359
1133249359
-1
Sceneryobjects\Trees_MC\tree_medium_06.sco
1133249443
1133249443
-1
Sceneryobjects\Trees_MC\tree_medium_07.sco
1133249367
1133249367
-1
Sceneryobjects\Trees_MC\tree_medium_09.sco
1133249443
1133249443
-1
Sceneryobjects\UL\zastavka_1.sco
1085825461
1085825461
-1
Splines\M96\Potez300\blato-5m.sli
1283099401
-
-
Splines\M96\Potez300\RQ_9,5_2spur_6,5m-novi-asfalt-sa-strane-sa-travom-0-3pad-desno-levo-ravno-5m-puna-linija.sli
1285186240
-
-
Splines\M96\Potez300\RQ_9,5_2spur_6,5m-novi-asfalt-sa-strane-sa-travom-10m-3m-uvis+kanal-puna-linija2-levo-breg1.sli
1285463284
-
-
Splines\M96\Potez300\RQ_9,5_2spur_6,5m-novi-asfalt-sa-strane-sa-travom-10m-3m-uvis+kanal-puna-linija5.sli
1285189155
-
-
Splines\M96\Potez300\RQ_9,5_2spur_6,5m-novi-asfalt-sa-strane-sa-travom-10m-3m-uvis+kanal-puna-linija6.sli
1285465696
-
-
Splines\M96\Potez300\RQ_9,5_2spur_6,5m-novi-asfalt-sa-strane-sa-travom-20m-8m-nadole4.sli
1284535932
-
-
Splines\M96\Potez300\trava-4m.sli
1281591484
-
-
Splines\Terrain Spline\10m Beton.sli
1122541325
-
-
