Sceneryobjects\ADDON_PLSigns\b20s (2).sco
1060608389
1060608389
-1
Sceneryobjects\ADDON_PLSigns\c8s.sco
1064342020
1064342020
-1
Sceneryobjects\ADDON_PLSigns\c9s.sco
1064342025
1064342025
-1
Sceneryobjects\Buildings_MC\bw_ladengeschaeft_02.sco
1323588560
1323588560
-1
Sceneryobjects\Buildings_MC\bw_med_01.sco
1323588518
1323588518
-1
Sceneryobjects\Buildings_MC\bw_med_02.sco
1323588546
1323588546
-1
Sceneryobjects\Buildings_MC\bw_supermarkt_1.sco
1323588519
1323588519
-1
Sceneryobjects\Buildings_MC\wohn_smrow_01.sco
1323588662
1323588662
-1
Sceneryobjects\Generic\bus_stop.sco
1186492451
1186492451
-1
Sceneryobjects\Generic\car_park.sco
1186492418
1186492418
-1
Sceneryobjects\Generic\people_standing_small.sco
1186492558
1186492558
-1
Sceneryobjects\Generic\routearrow_dn.sco
1186492278
1186492278
-1
Sceneryobjects\Generic\routearrow_L.sco
1186492458
1186492458
-1
Sceneryobjects\Generic\routearrow_R.sco
1186492278
1186492278
-1
Sceneryobjects\Generic\routearrows_busstop.sco
1186492513
1186492513
-1
Sceneryobjects\Gonzales\Stanica pecurka.sco
1201322757
1201322757
-1
Sceneryobjects\Gonzales\Stanica.sco
1201322762
1201322762
-1
Sceneryobjects\M96\Potez300\AI_crossings\bolec-raskrsce.sco
1345498500
1345498500
-1
Sceneryobjects\M96\Potez300\bolec\fabrika\fabrika.sco
1351320369
1351320369
-1
Sceneryobjects\M96\Potez300\bolec\koloseum-restoran\koloseum.sco
1332327033
1332327033
-1
Sceneryobjects\M96\Potez300\bolec\koloseum-restoran\koloseum-ulaz - Copy.sco
1332587691
1332587691
-1
Sceneryobjects\M96\Potez300\ograde\bolec-zid.sco
1320132708
1320132708
-1
Sceneryobjects\M96\Potez300\ograde\bolec-zid2.sco
1320132828
1320132828
-1
Sceneryobjects\M96\Potez300\ograde\bolec-zid-koloseum.sco
1332325944
1332325944
-1
Sceneryobjects\M96\Trava\breg-pored-puta-2.sco
1347464547
1347464547
-1
Sceneryobjects\Mega polish mod\Male_sklepy\1\sklep.sco
1112386927
1112386927
-1
Sceneryobjects\Mega polish mod\Male_sklepy\2\sklep.sco
1112387194
1112387194
-1
Sceneryobjects\Mega polish mod\Male_sklepy\4\sklep.sco
1112387309
1112387309
-1
Sceneryobjects\Streetobjects_MC\strlt_gwg_70s_1.sco
1133251450
1133251450
-1
Sceneryobjects\Streetobjects_RUE\neonlight_L_bend_L.sco
1186492615
1186492615
-1
Sceneryobjects\Trees_MC\shrubbery_04_20.sco
1133251411
1133251411
-1
Sceneryobjects\Trees_MC\tree_large_04.sco
1133251468
1133251468
-1
Sceneryobjects\Trees_MC\tree_medium_04.sco
1133251407
1133251407
-1
Sceneryobjects\Trees_MC\tree_medium_06.sco
1133251491
1133251491
-1
Sceneryobjects\Verkehrszeichen_MC\VZ_surfmark_arrow_L.sco
1133251480
1133251480
-1
Sceneryobjects\Verkehrszeichen_MC\VZ_surfmark_arrow_S.sco
1133251407
1133251407
-1
Splines\BS_ADDON_CreativeStreets\Gehwege\BS_Gehweg_Pflaster13_OE_05m.sli
1178239141
-
-
Splines\BS_ADDON_CreativeStreets\Gehwege\BS_Gehweg_Pflaster14_OE_05m.sli
1248632000
-
-
Splines\BS_ADDON_CreativeStreets\Strassenmarkierungen\BS_StrMarkierung_Weiss_S.sli
1178305186
-
-
Splines\BS_ADDON_CreativeStreets\Strassenmarkierungen\BS_StrMarkierung_WeissGepunktet_S.sli
1158060060
-
-
Splines\M96\Belgrade-Potez300\Test_skrzyzowania\Asfalt_5m.sli
1080982455
-
-
Splines\M96\Belgrade-Potez300\Test_skrzyzowania\Chodnik_2m.sli
1080722194
-
-
Splines\M96\Belgrade-Potez300\Test_skrzyzowania\Kraweznik_0,1m.sli
1080598307
-
-
Splines\M96\Belgrade-Potez300\Test_skrzyzowania\ostrvo-ivicnjak-1-5m.sli
1320717656
-
-
Splines\M96\Belgrade-Potez300\Test_skrzyzowania\ostrvo-ivicnjak-1m.sli
1320717632
-
-
Splines\M96\Potez300\7,5-bez-linija - 6m.sli
1256883266
-
-
Splines\M96\Potez300\9,5_isprekidana_linija-bez-bocnih.sli
1260028244
-
-
Splines\M96\Potez300\Asfalt_15m-svetli2.sli
1283039309
-
-
Splines\M96\Potez300\Asfalt_4m-svetli2.sli
1283101724
-
-
Splines\M96\Potez300\bolec-raskrsce-1.sli
1332520003
-
-
Splines\M96\Potez300\bolec-raskrsce-3temp.sli
1353880546
-
-
Splines\M96\Potez300\Chodnik_kraweznik_1,2m -mirror.sli
1283818258
-
-
Splines\M96\Potez300\put-6-5m.sli
1323995665
-
-
Splines\M96\Test_skrzyzowania\Asfalt_5m.sli
1080980407
-
-
Splines\M96\Test_skrzyzowania\Asfalt_7m.sli
1080980715
-
-
Splines\M96\Test_skrzyzowania\Bruk_4m.sli
1091273703
-
-
Splines\Routeres\kerites_2.sli
1163037123
-
-
Splines\Test_skrzyzowania\Asfalt_2m.sli
1080980304
-
-
Splines\Test_skrzyzowania\Bruk_20m.sli
1091273580
-
-
