Sceneryobjects\ETS_converts\gate.sco
1291150061
1291150061
-1
Sceneryobjects\M96\Potez300\buildings_rue_mod\Haus02d.sco
1133251465
1133251465
-1
Sceneryobjects\M96\Potez300\buildings_rue_mod\Haus03e.sco
1133251449
1133251449
-1
Sceneryobjects\M96\Potez300\buildings_rue_mod\Haus03f.sco
1133251402
1133251402
-1
Sceneryobjects\Objects_SN\Zaun_6m_03.sco
1291150073
1291150073
-1
Sceneryobjects\Objects_SN\Zaun3.sco
1291150073
1291150073
-1
Sceneryobjects\Ruede\forest_backdrop01.sco
1186492516
1186492516
-1
Sceneryobjects\Trees_MC\shrubbery_03_10.sco
1133251481
1133251481
-1
Sceneryobjects\Trees_MC\shrubbery_04_20.sco
1133251411
1133251411
-1
Sceneryobjects\Trees_MC\tree_large_02.sco
1133251407
1133251407
-1
Sceneryobjects\Trees_MC\tree_large_04.sco
1133251468
1133251468
-1
Sceneryobjects\Trees_MC\tree_medium_02.sco
1133251407
1133251407
-1
Sceneryobjects\Trees_MC\tree_medium_07.sco
1133251415
1133251415
-1
Sceneryobjects\Trees_MC\tree_medium_09.sco
1133251491
1133251491
-1
Splines\M96\Potez300\Asfalt_15m-svetli2.sli
1283039309
-
-
Splines\M96\Potez300\Asfalt_4m-svetli2.sli
1283101724
-
-
Splines\M96\Potez300\Asfalt_7m-svetli2.sli
1282846038
-
-
Splines\M96\Potez300\RQ_9,5_2spur_6,5m.sli
1317112119
-
-
Splines\M96\Potez300\RQ_9,5_2spur_6,5m-bez-linija-sa-strane.sli
1268162601
-
-
Splines\M96\Potez300\zemljani-put-4m.sli
1279891066
-
-
