Sceneryobjects\Azzoni94\Kuca 2\kuca.sco
1178404157
1178404157
-1
Sceneryobjects\Buildings_JHY\VideoStueb.sco
1186494155
1186494155
-1
Sceneryobjects\Buildings_MC\bw_supermarkt_1.sco
1186494215
1186494215
-1
Sceneryobjects\BusOznakaBG2\BusOznakaBG2.sco
1181047549
1181047549
-1
Sceneryobjects\ETS_converts\trailer07.sco
1160162083
1160162083
-1
Sceneryobjects\Generic\car_park.sco
1133249355
1133249355
-1
Sceneryobjects\Generic\entrypoint_bus.sco
1133249416
1133249416
-1
Sceneryobjects\Generic\routearrow_dn.sco
1133249355
1133249355
-1
Sceneryobjects\Generic\routearrow_L.sco
1133249402
1133249402
-1
Sceneryobjects\Gonzales\Stanica.sco
1201320714
1201320714
-1
Sceneryobjects\Kostelec_T18\ploty_zidky\Plot_7_B.sco
1183225488
1183225488
-1
Sceneryobjects\Kostelec_T18\ploty_zidky\Plot_9_A.sco
1183294646
1183294646
-1
Sceneryobjects\Kostelec_T18\Vesnice\PletU_dum11.sco
1184521839
1184521839
-1
Sceneryobjects\M96\Potez300\buildings_rue_mod\Haus02c2.sco
1133249351
1133249351
-1
Sceneryobjects\M96\Potez300\ograde\zicana-1 - Copy - Copy.sco
1282316006
1282316006
-1
Sceneryobjects\mauer\mauer.sco
1052735852
1052735852
-1
Sceneryobjects\Mega polish mod\Domy\1\dom.sco
1112443809
1112443809
-1
Sceneryobjects\Mega polish mod\Male_sklepy\6\sklep.sco
1112385600
1112385600
-1
Sceneryobjects\mmiki26\kiosk1\kiosk1.sco
1149876401
1149876401
-1
Sceneryobjects\Objects_SN\Zaun_6m_03.sco
1050758671
1050758671
-1
Sceneryobjects\Ruede\hst_wartehaus_alt01.sco
1186494776
1186494776
-1
Sceneryobjects\Streetobjects_RUE\neonlight_L_bend_L.sco
1133249402
1133249402
-1
Sceneryobjects\Streetobjects_RUE\neonlight_S_wood.sco
1133249419
1133249419
-1
Sceneryobjects\Trees_MC\shrubbery_01_20.sco
1149917586
1149917586
-1
Sceneryobjects\Trees_MC\shrubbery_03_10.sco
1149917589
1149917589
-1
Sceneryobjects\Trees_MC\shrubbery_04_10.sco
1149917594
1149917594
-1
Sceneryobjects\Trees_MC\shrubbery_04_20.sco
1149917595
1149917595
-1
Sceneryobjects\Trees_MC\shrubbery_04_20_mod.sco
1155353276
1155353276
-1
Sceneryobjects\Trees_MC\tree_large_04.sco
1133249420
1133249420
-1
Sceneryobjects\Trees_MC\tree_medium_02.sco
1133249359
1133249359
-1
Sceneryobjects\Trees_MC\tree_medium_07.sco
1133249367
1133249367
-1
Sceneryobjects\Trees_MC\tree_medium_09.sco
1133249443
1133249443
-1
Splines\M96\Potez300\7,5-bez-linija-ai-trava-fill-dole2.sli
1264030038
-
-
Splines\M96\Potez300\9,5_isprekidana_linija-bez-bocnih-nizbrdo-sa-strane-85m-9m2.sli
1284346745
-
-
Splines\M96\Potez300\9,5_puna_linija-bez-bocnih-nizbrdo-sa-strane-85m-9m.sli
1284536389
-
-
Splines\M96\Potez300\Asfalt_10m-svetli2.sli
1283036968
-
-
Splines\M96\Potez300\Asfalt_7m-svetli.sli
1281592064
-
-
Splines\M96\Potez300\blato-5m.sli
1283099401
-
-
Splines\M96\Potez300\put-trava-dole-ka-zaklopaci3 - asfalt.sli
1280222324
-
-
Splines\M96\Potez300\put-trava-obe-strane-dole-beton-prilaz4.sli
1284548408
-
-
Splines\M96\Potez300\put-za-zaklopacu-9-5-puna-linija-desno-pesakasfalt.sli
1280350415
-
-
Splines\M96\Potez300\RQ_9,5_2spur_6,5m-novi-asfalt-sa-strane-sa-travom-20m-8m-nadole2.sli
1279764576
-
-
Splines\M96\Potez300\RQ_9,5_2spur_6,5m-novi-asfalt-sa-strane-sa-travom-p-trotoara-20m-8m-nadole+trotoari.sli
1281591888
-
-
Splines\M96\Potez300\RQ_9,5_2spur_6,5m-novi-asfalt-sa-strane-sa-travom-zemljom-20m-8m-nadole+levi-trotoar.sli
1281591814
-
-
Splines\M96\Potez300\stajalista-put-za-zaklopacu-9-5-puna-linija-pesakasfalt2.sli
1280350223
-
-
Splines\M96\Potez300\zaklopaca-trotoar2.sli
1281537423
-
-
Splines\M96\Potez300\zemljani-put-4m.sli
1279889018
-
-
Splines\Terrain Spline\10m Beton.sli
1122541325
-
-
Splines\Test_skrzyzowania\Asfalt_5m.sli
1080978359
-
-
Splines\Test_skrzyzowania\Asfalt_6m.sli
1080978368
-
-
Splines\Test_skrzyzowania\Asfalt_9m.sli
1080978721
-
-
Splines\Test_skrzyzowania\Kraweznik_0,2m.sli
1080594215
-
-
Splines\Test_skrzyzowania\zebra.sli
1059679472
-
-
Sceneryobjects\Generic\bus_stop.sco
1133249430
1133249430
-1
