Sceneryobjects\Kostelec_T18\ploty_zidky\Plot_9_A.sco
1291150063
1291150063
-1
Sceneryobjects\M96\Potez300\buildings_rue_mod\Haus02c2.sco
1133251399
1133251399
-1
Sceneryobjects\mauer\mauer.sco
1052739948
1052739948
-1
Sceneryobjects\Trees_MC\shrubbery_04_10.sco
1133251450
1133251450
-1
Sceneryobjects\Trees_MC\tree_large_04.sco
1133251468
1133251468
-1
Sceneryobjects\Trees_MC\tree_medium_02.sco
1133251407
1133251407
-1
Sceneryobjects\Trees_MC\tree_medium_07.sco
1133251415
1133251415
-1
Splines\M96\Potez300\Asfalt_4m-svetli.sli
1281594198
-
-
Splines\M96\Potez300\put-trava-dole-ka-zaklopaci3 - asfalt.sli
1280224372
-
-
Splines\M96\Potez300\RQ_9,5_2spur_6,5m.sli
1317112119
-
-
Splines\Ruede\Kabel_holzmast_6m.sli
1196582459
-
-
