Sceneryobjects\AFG_Others\light01_s.sco
1116122256
1116122256
-1
Sceneryobjects\Autos\LKW´s\axio1\Scania.sco
773921718
773921718
-1
Sceneryobjects\Azzoni94\Kuca 3\kuca.sco
1178404598
1178404598
-1
Sceneryobjects\Azzoni94\Kuca 5\kuca.sco
1178405060
1178405060
-1
Sceneryobjects\Azzoni94\Kuca 7\kuca.sco
1178759524
1178759524
-1
Sceneryobjects\Buildings_Alex fixed by Heir\zaa01.sco
1111981264
1111981264
-1
Sceneryobjects\Buildings_Alex\bugor01.sco
1056146610
1056146610
-1
Sceneryobjects\Buildings_MC\bw_ladengeschaeft_02.sco
1259517098
1259517098
-1
Sceneryobjects\Buildings_MC\bw_med_01.sco
1259517098
1259517098
-1
Sceneryobjects\Buildings_MC\bw_med_02.sco
1259517152
1259517152
-1
Sceneryobjects\Buildings_MC\bw_workshop_01.sco
1259517149
1259517149
-1
Sceneryobjects\Buildings_MC\park_5.sco
1259517152
1259517152
-1
Sceneryobjects\ETS_converts\cargomix02.sco
1160282384
1160282384
-1
Sceneryobjects\ETS_converts\gate02.sco
1159681405
1159681405
-1
Sceneryobjects\ETS_converts\trailer02.sco
1160159979
1160159979
-1
Sceneryobjects\Generic\bus_stop.sco
1259517115
1259517115
-1
Sceneryobjects\Generic\car_park.sco
1259517115
1259517115
-1
Sceneryobjects\Generic\people_standing_small.sco
1259517103
1259517103
-1
Sceneryobjects\Generic\routearrows_busstop.sco
1259517103
1259517103
-1
Sceneryobjects\Gonzales\Stanica.sco
1201320714
1201320714
-1
Sceneryobjects\Kostelec_T18\ploty_zidky\Plot_4_A.sco
1246521186
1246521186
-1
Sceneryobjects\M96\Potez300\buildings_rue_mod\Haus02c2.sco
1133249351
1133249351
-1
Sceneryobjects\M96\Potez300\buildings_rue_mod\Haus03e.sco
1133249401
1133249401
-1
Sceneryobjects\M96\Potez300\buildings_rue_mod\Haus03f.sco
1133249354
1133249354
-1
Sceneryobjects\M96\Potez300\ograde\zardjala-zelena-ograda-mreza\zica.sco
1282385321
1282385321
-1
Sceneryobjects\M96\Potez300\ograde\zelena-ograda-mreza\zica.sco
1282316011
1282316011
-1
Sceneryobjects\mmiki26\dom 4\dmk4.sco
1120824515
1120824515
-1
Sceneryobjects\Ruede\hst_wartehaus_alt01.sco
1259517127
1259517127
-1
Sceneryobjects\Streetobjects_RUE\DDR_1xBG_S_Beton_cable.sco
1259517135
1259517135
-1
Sceneryobjects\Streetobjects_RUE\neonlight_S_break_S.sco
1259517181
1259517181
-1
Sceneryobjects\Trees_MC\shrubbery_01_20.sco
1259517197
1259517197
-1
Sceneryobjects\Trees_MC\shrubbery_03_05.sco
1259517108
1259517108
-1
Sceneryobjects\Trees_MC\shrubbery_03_10.sco
1259517181
1259517181
-1
Sceneryobjects\Trees_MC\shrubbery_04_10.sco
1259517197
1259517197
-1
Sceneryobjects\Trees_MC\shrubbery_04_10_nocollision.sco
1130274833
1130274833
-1
Sceneryobjects\Trees_MC\shrubbery_04_20.sco
1259517136
1259517136
-1
Sceneryobjects\Trees_MC\tree_large_01.sco
1259517186
1259517186
-1
Sceneryobjects\Trees_MC\tree_large_02.sco
1259517110
1259517110
-1
Sceneryobjects\Trees_MC\tree_large_04.sco
1259517189
1259517189
-1
Sceneryobjects\Trees_MC\tree_medium_02.sco
1259517110
1259517110
-1
Sceneryobjects\Trees_MC\tree_medium_06.sco
1259517186
1259517186
-1
Sceneryobjects\Trees_MC\tree_medium_07.sco
1259517165
1259517165
-1
Splines\M96\Potez300\100a-2-temp1.sli
1291605196
-
-
Splines\M96\Potez300\100a-temp3.sli
1291604900
-
-
Splines\M96\Potez300\7,5-bez-linija-ai-trava-fill-dole2.sli
1264030038
-
-
Splines\M96\Potez300\7,5-bez-linija-trotoar-ai - 6m.sli
1256881825
-
-
Splines\M96\Potez300\7,5-desni-trotoar-bez-linija  - no_ai.sli
1256889029
-
-
Splines\M96\Potez300\7,5-levi-trotoar-bez-linija - 6m.sli
1256881102
-
-
Splines\M96\Potez300\Asfalt_15m-svetli2.sli
1283037261
-
-
Splines\M96\Potez300\Asfalt_4m-svetli2.sli
1283099676
-
-
Splines\M96\Potez300\Special\Asfalt_4m-svetli.sli
1281592150
-
-
Splines\M96\Potez300\Special\Asfalt_7m_travnati_zid_dole.sli
1266197364
-
-
Splines\Test_skrzyzowania\Asfalt_6m.sli
1080978368
-
-
