Sceneryobjects\Ruede\forest_backdrop01.sco
1186492516
1186492516
-1
Sceneryobjects\Trees_MC\tree_medium_04.sco
1133251407
1133251407
-1
Splines\M96\Belgrade-Potez300\Test_skrzyzowania\ostrvo-ivicnjak.sli
1320717603
-
-
Splines\M96\Crossing Splines\3_45m-track - full-line.sli
1350739415
-
-
Splines\M96\Test_skrzyzowania\Kraweznik_trawa_0,2m.sli
1080596129
-
-
Splines\M96\Test_skrzyzowania\Linia_przerywana2.sli
1080597437
-
-
Splines\Ruede\Kabel_holzmast_6m.sli
1196582459
-
-
Splines\Yufa\12cm_N_line.sli
1060011436
-
-
Splines\Yufa\50cm_normal_line.sli
1097629523
-
-
