Sceneryobjects\ADDON_Teltow\Ampel_KfzRArrow_2.sco
1091609368
1091609368
-1
Sceneryobjects\Buildings_MC\bw_med_01.sco
1323588518
1323588518
-1
Sceneryobjects\Buildings_MC\bw_med_02.sco
1323588546
1323588546
-1
Sceneryobjects\Buildings_MC\bw_supermarkt_1.sco
1323588519
1323588519
-1
Sceneryobjects\Buildings_MC\bw_workshop_01.sco
1323588538
1323588538
-1
Sceneryobjects\Buildings_MC\garage_1_single.sco
1323588538
1323588538
-1
Sceneryobjects\Buildings_MC\wohn_smrow_01.sco
1323588662
1323588662
-1
Sceneryobjects\Express 91.06\odreid\Ampelmast_Kurz_S2.sco
1323589282
1323589282
-1
Sceneryobjects\Express 91.06\odreid\Ampelmast_Lang_XL2.sco
1323589282
1323589282
-1
Sceneryobjects\Generic\car_park.sco
1186492418
1186492418
-1
Sceneryobjects\Generic\routearrow_dn.sco
1186492278
1186492278
-1
Sceneryobjects\Generic\routearrow_R.sco
1186492278
1186492278
-1
Sceneryobjects\grass\gr_10m.sco
1192277140
1192277140
-1
Sceneryobjects\Kostelec_T18\ploty_zidky\Plot_2_A.sco
1291150063
1291150063
-1
Sceneryobjects\Kostelec_T18\ploty_zidky\Plot_9_A.sco
1291150063
1291150063
-1
Sceneryobjects\Kostelec_T18\ploty_zidky\Zidka_2_A.sco
1291150063
1291150063
-1
Sceneryobjects\M96\Potez300\ograde\zicana-1.sco
1282318043
1282318043
-1
Sceneryobjects\M96\Potez300\smederevski-put\centar-s.sco
1350082928
1350082928
-1
Sceneryobjects\M96\Potez300\smederevski-put\perionica-oktopod.sco
1350081891
1350081891
-1
Sceneryobjects\M96\Trava\breg-pored-puta-2.sco
1347464547
1347464547
-1
Sceneryobjects\M96\Trava\trava-sa-padom-vece.sco
1347401572
1347401572
-1
Sceneryobjects\Mainz\Haus2.sco
1119187792
1119187792
-1
Sceneryobjects\Mega polish mod\Male_sklepy\4\sklep.sco
1112387309
1112387309
-1
Sceneryobjects\Objects_SN\Zaun_6m_03.sco
1291150073
1291150073
-1
Sceneryobjects\Ruede\forest_backdrop01.sco
1186492516
1186492516
-1
Sceneryobjects\Streetobjects_RUE\DDR_Pole_Beton_cable.sco
1186492614
1186492614
-1
Sceneryobjects\Trees_MC\shrubbery_04_10.sco
1133251450
1133251450
-1
Sceneryobjects\Trees_MC\shrubbery_04_20.sco
1133251411
1133251411
-1
Sceneryobjects\Trees_MC\shrubbery_04_20_mod.sco
1155355324
1155355324
-1
Sceneryobjects\Trees_MC\tree_large_04.sco
1133251468
1133251468
-1
Sceneryobjects\Trees_MC\tree_medium_02.sco
1133251407
1133251407
-1
Sceneryobjects\Trees_MC\tree_medium_03.sco
1133251451
1133251451
-1
Sceneryobjects\Trees_MC\tree_medium_04.sco
1133251407
1133251407
-1
Sceneryobjects\Trees_MC\tree_medium_06.sco
1133251491
1133251491
-1
Sceneryobjects\UL\domek1.sco
1083858946
1083858946
-1
Sceneryobjects\UL\domek4.sco
1083859020
1083859020
-1
Sceneryobjects\UL\domek6.sco
1083859044
1083859044
-1
Sceneryobjects\Verkehrszeichen_MC\Ampel_Kfz_OhBlind_1.sco
1133251412
1133251412
-1
Sceneryobjects\Verkehrszeichen_MC\Ampel_KfzL_1.sco
1133251406
1133251406
-1
Sceneryobjects\Verkehrszeichen_MC\Ampel_KfzL_OhBlind_1.sco
1133251464
1133251464
-1
Sceneryobjects\Wiesbaden\Schwedenstr10.sco
1182041789
1182041789
-1
Sceneryobjects\Wiesbaden\Schwedenstr2.sco
1181977353
1181977353
-1
Sceneryobjects\Wiesbaden\Zaun2.sco
1152425391
1152425391
-1
Sceneryobjects\Wiesbaden\Zaun6.sco
1153601697
1153601697
-1
Splines\Belgrade\P-1c.sli
1132969624
-
-
Splines\Belgrade\Trotoar-ivicnjak-2m.sli
1157917708
-
-
Splines\M96\Belgrade-Potez300\Test_skrzyzowania\Asfalt_5m.sli
1080982455
-
-
Splines\M96\Belgrade-Potez300\Test_skrzyzowania\PARKING.sli
1092309448
-
-
Splines\M96\invis_street.sli
1181617209
-
-
Splines\M96\Potez300\9,5_isprekidana_linija-bez-bocnih.sli
1260028244
-
-
Splines\M96\Potez300\Asfalt_15m-svetli2.sli
1283039309
-
-
Splines\M96\Potez300\Asfalt_4m-svetli2.sli
1283101724
-
-
Splines\M96\Potez300\Asfalt_7m-svetli2.sli
1282846038
-
-
Splines\M96\Potez300\bolec-raskrsce.sli
1332520309
-
-
Splines\M96\Potez300\bolec-raskrsce-1.sli
1332520003
-
-
Splines\M96\Potez300\put-6-5m.sli
1323995665
-
-
Splines\M96\Potez300\RQ_9,5_2spur_6,5m_Desni-Trotoar.sli
1324593017
-
-
Splines\M96\Potez300\RQ_9,5_2spur_6,5m_Levi-Sidewalk.sli
1322287610
-
-
Splines\M96\Potez300\RQ_9,5_2spur_6,5m_Levi-Trotoar.sli
1326352067
-
-
Splines\M96\Potez300\RQ_9,5_2spur_6,5m_Sidewalk - bocne-linije.sli
1292141623
-
-
Splines\M96\Potez300\trava-4m.sli
1281593532
-
-
Splines\M96\Test_skrzyzowania\Asfalt_18m.sli
1080980971
-
-
Splines\M96\Test_skrzyzowania\Asfalt_4m.sli
1080980806
-
-
Splines\M96\Test_skrzyzowania\Asfalt_7m.sli
1080980715
-
-
Splines\Marcel\Zaun01.sli
1181617268
-
-
Splines\Ruede\Kabel_holzmast_6m.sli
1196582459
-
-
Splines\Yufa\12cm_N_line.sli
1060011436
-
-
Splines\Yufa\50cm_normal_line.sli
1097629523
-
-
