Sceneryobjects\AFG_Others\light01_s.sco
1116124304
1116124304
-1
Sceneryobjects\Azzoni94\Kuca 3\kuca.sco
1178406646
1178406646
-1
Sceneryobjects\Azzoni94\Kuca 5\kuca.sco
1178407108
1178407108
-1
Sceneryobjects\Generic\car_park.sco
1186492418
1186492418
-1
Sceneryobjects\Kostelec_T18\ploty_zidky\Plot_2_A.sco
1291150063
1291150063
-1
Sceneryobjects\Kostelec_T18\ploty_zidky\Plot_3_A.sco
1291150063
1291150063
-1
Sceneryobjects\Kostelec_T18\ploty_zidky\Plot_7_C.sco
1291150063
1291150063
-1
Sceneryobjects\Kostelec_T18\ploty_zidky\Plot_9_A.sco
1291150063
1291150063
-1
Sceneryobjects\M96\Potez300\ograde\zardjala-zelena-ograda-mreza\zica.sco
1282387369
1282387369
-1
Sceneryobjects\Objects_RS\Zaun_Tor_6m_01.sco
1063221282
1063221282
-1
Sceneryobjects\Objects_SN\Zaun_5m_01.sco
1291150073
1291150073
-1
Sceneryobjects\Objects_SN\Zaun_5m_03.sco
1291150073
1291150073
-1
Sceneryobjects\Objects_SN\Zaun_Tor_6m_02.sco
1291150073
1291150073
-1
Sceneryobjects\Streetobjects_RUE\DDR_1xBG_S_Beton_cable.sco
1186492800
1186492800
-1
Sceneryobjects\Trees_MC\shrubbery_01_10.sco
1133251410
1133251410
-1
Sceneryobjects\Trees_MC\shrubbery_01_20.sco
1133251405
1133251405
-1
Sceneryobjects\Trees_MC\shrubbery_03_05.sco
1133251468
1133251468
-1
Sceneryobjects\Trees_MC\shrubbery_03_10.sco
1133251481
1133251481
-1
Sceneryobjects\Trees_MC\shrubbery_03_20.sco
1133251479
1133251479
-1
Sceneryobjects\Trees_MC\shrubbery_04_10.sco
1133251450
1133251450
-1
Sceneryobjects\Trees_MC\tree_large_04.sco
1133251468
1133251468
-1
Sceneryobjects\Trees_MC\tree_medium_02.sco
1133251407
1133251407
-1
Sceneryobjects\Trees_MC\tree_medium_07.sco
1133251415
1133251415
-1
Sceneryobjects\Trees_MC\tree_medium_09.sco
1133251491
1133251491
-1
Sceneryobjects\UL\domek1.sco
1083858946
1083858946
-1
Sceneryobjects\UL\domek11.sco
1083859084
1083859084
-1
Sceneryobjects\UL\domek12.sco
1083859092
1083859092
-1
Sceneryobjects\UL\domek18.sco
1083859137
1083859137
-1
Sceneryobjects\UL\domek19.sco
1083859145
1083859145
-1
Sceneryobjects\UL\domek22.sco
1083859195
1083859195
-1
Sceneryobjects\UL\domek27.sco
1085826717
1085826717
-1
Sceneryobjects\UL\domek3.sco
1083858960
1083858960
-1
Sceneryobjects\UL\domek5.sco
1083859027
1083859027
-1
Sceneryobjects\UL\domek6.sco
1083859044
1083859044
-1
Sceneryobjects\UL\domek9.sco
1083859063
1083859063
-1
Splines\BS_ADDON_CreativeStreets\Natur\BS_Natur_Buesche01_EN.sli
1179101469
-
-
Splines\BS_ADDON_CreativeStreets\Natur\BS_Natur_Buesche03_EN.sli
1179295508
-
-
Splines\M96\Belgrade-Potez300\Test_skrzyzowania\Asfalt_3m.sli
1080982357
-
-
Splines\M96\Belgrade-Potez300\Test_skrzyzowania\Asfalt_4m.sli
1080982854
-
-
Splines\M96\Belgrade-Potez300\Test_skrzyzowania\Asfalt_7m.sli
1080982763
-
-
Splines\M96\Belgrade-Potez300\Test_skrzyzowania\Chodnik_kraweznik_1,2m.sli
1080531457
-
-
Splines\M96\Potez300\7,5-bez-linija-trotoar-ai - 6m.sli
1256883873
-
-
Splines\M96\Potez300\7,5-levi-trotoar-bez-linija - 6m - no_ai.sli
1256890978
-
-
Splines\M96\Potez300\7,5-levi-trotoar-bez-linija - 6m.sli
1256883150
-
-
Splines\M96\Potez300\9-5-trotoar-centriran3.sli
1351194664
-
-
Splines\M96\Potez300\Chodnik_kraweznik_1,2m -mirror.sli
1283818258
-
-
Splines\M96\Potez300\Chodnik_kraweznik_1,2m.sli
1080529409
-
-
Splines\M96\Potez300\Chodnik_kraweznik_1,5m.sli
1080529362
-
-
Splines\M96\Potez300\put-6-5m.sli
1323995665
-
-
Splines\M96\Potez300\RQ_9,5_2spur_6,5m_Sidewalk.sli
1047221002
-
-
Splines\M96\Potez300\trotoar-1,2-sa-travom-5m.sli
1287297475
-
-
Splines\Marcel\invis_street.sli
999144654
-
-
