Sceneryobjects\Azzoni94\Kuca 2\kuca.sco
1178404157
1178404157
-1
Sceneryobjects\Azzoni94\Kuca 3\kuca.sco
1178404598
1178404598
-1
Sceneryobjects\Azzoni94\Kuca 5\kuca.sco
1178405060
1178405060
-1
Sceneryobjects\Buildings_MC\bw_med_01.sco
1186494120
1186494120
-1
Sceneryobjects\Buildings_MC\bw_workshop_01.sco
1186494194
1186494194
-1
Sceneryobjects\Buildings_RUE\Haus03d.sco
1133249354
1133249354
-1
Sceneryobjects\ETS_converts\gate02.sco
1159683453
1159683453
-1
Sceneryobjects\Generic\bus_stop.sco
1133249430
1133249430
-1
Sceneryobjects\Generic\car_park.sco
1133249355
1133249355
-1
Sceneryobjects\Generic\people_standing_small.sco
1133249352
1133249352
-1
Sceneryobjects\Generic\routearrows_busstop.sco
1133249418
1133249418
-1
Sceneryobjects\Gonzales\Stanica.sco
1201320714
1201320714
-1
Sceneryobjects\Kostelec_T18\ploty_zidky\Plot_4_A.sco
1183216440
1183216440
-1
Sceneryobjects\Kostelec_T18\ploty_zidky\Plot_7_C.sco
1183538113
1183538113
-1
Sceneryobjects\Kostelec_T18\ploty_zidky\Plot_9_A.sco
1183294646
1183294646
-1
Sceneryobjects\Kostelec_T18\ploty_zidky\Plot_9_C.sco
1183538120
1183538120
-1
Sceneryobjects\M96\Potez300\buildings_rue_mod\Haus02d.sco
1133249417
1133249417
-1
Sceneryobjects\M96\Potez300\buildings_rue_mod\Haus03f.sco
1133249354
1133249354
-1
Sceneryobjects\M96\Potez300\crossings\pumpa-2.sco
1281531145
1281531145
-1
Sceneryobjects\M96\Potez300\zid\zid-10m-v2.sco
1282972245
1282972245
-1
Sceneryobjects\O.L.K. OMV\tank_2.sco
1093231899
1093231899
-1
Sceneryobjects\Objects_SN\Zaun_5m_01.sco
1050758169
1050758169
-1
Sceneryobjects\Objects_SN\Zaun_5m_03.sco
1050757607
1050757607
-1
Sceneryobjects\Objects_SN\Zaun3.sco
1093247692
1093247692
-1
Sceneryobjects\Objects_SN\Zaun3k.sco
1093247695
1093247695
-1
Sceneryobjects\Objects_SN\Zaun3o.sco
1093248199
1093248199
-1
Sceneryobjects\Ruede\forest_backdrop01.sco
1186494564
1186494564
-1
Sceneryobjects\Streetobjects_RUE\DDR_RSL1_Green_3m.sco
1133249431
1133249431
-1
Sceneryobjects\Streetobjects_RUE\neonlight_L_bend_L.sco
1133249402
1133249402
-1
Sceneryobjects\Streetobjects_RUE\sodiumlight_L_break_L.sco
1294900236
1294900236
-1
Sceneryobjects\Trees_MC\shrubbery_01_20.sco
1149917586
1149917586
-1
Sceneryobjects\Trees_MC\shrubbery_03_10.sco
1149917589
1149917589
-1
Sceneryobjects\Trees_MC\shrubbery_03_10_mod.sco
1155353261
1155353261
-1
Sceneryobjects\Trees_MC\shrubbery_03_20.sco
1149917591
1149917591
-1
Sceneryobjects\Trees_MC\shrubbery_04_10.sco
1149917594
1149917594
-1
Sceneryobjects\Trees_MC\tree_large_02.sco
1133249359
1133249359
-1
Sceneryobjects\Trees_MC\tree_large_04.sco
1133249420
1133249420
-1
Sceneryobjects\Trees_MC\tree_medium_02.sco
1133249359
1133249359
-1
Sceneryobjects\Trees_MC\tree_medium_04.sco
1133249359
1133249359
-1
Sceneryobjects\Trees_MC\tree_medium_07.sco
1133249367
1133249367
-1
Sceneryobjects\Trees_MC\tree_medium_09.sco
1133249443
1133249443
-1
Splines\M96\Potez300\9-5-kanali-sa-obe-strane-isprekidana-linija-trava-desno_brdo-prilazi-1-3m-uvis.sli
1284935978
-
-
Splines\M96\Potez300\Asfalt_10m-svetli2.sli
1283036968
-
-
Splines\M96\Potez300\Asfalt_4m-svetli.sli
1281592150
-
-
Splines\M96\Potez300\Asfalt_7m-svetli.sli
1281592064
-
-
Splines\M96\Potez300\RQ_9,5_2spur_6,5m-bez-linija-sa-strane.sli
1268160553
-
-
Splines\M96\Potez300\RQ_9,5_2spur_6,5m-zemlja-sa-strane-sa-travom.sli
1268160651
-
-
Splines\M96\Potez300\Special\9-5-kanali-sa-obe-strane-isprekidana-linija-trava-desno_brdo -asfalt-t23.sli
1259699457
-
-
Splines\M96\Potez300\Special\Asfalt_4m-svetli.sli
1281592150
-
-
Splines\M96\Potez300\trava-4m.sli
1281591484
-
-
Splines\Terrain Spline\Terrain Spline_Other textures\Terrain-Spline_Origin_Betonplatten\20mTerrain_Spline_Origin_Betonplatten.sli
1157968270
-
-
Splines\Terrain Spline\Terrain Spline_Other textures\Terrain-Spline_Origin_Betonplatten\4mTerrain_Spline_Origin_Betonplatten.sli
1157968262
-
-
Splines\Terrain Spline\Terrain Spline_Other textures\Terrain-Spline_Origin_Betonplatten\8mTerrain_Spline_Origin_Betonplatten.sli
1157968264
-
-
Splines\Test_skrzyzowania\Kraweznik_0,2m.sli
1080594215
-
-
Splines\Test_skrzyzowania\Linia_przerywana2.sli
1080595389
-
-
Vehicles\DAF_XF_105\Anhaenger_parked.sco
1261927929
1261927929
-1
Vehicles\DAF_XF_105\DAF_XF_105_Koffer_parked.sco
1261927929
1261927929
-1
Vehicles\DAF_XF_105\Deichsel_parked.sco
1261927929
1261927929
-1
