Sceneryobjects\AFG_Others\light01_s.sco
1116124304
1116124304
-1
Sceneryobjects\Azzoni94\Kuca 3\kuca.sco
1178406646
1178406646
-1
Sceneryobjects\Azzoni94\Kuca 7\kuca.sco
1178761572
1178761572
-1
Sceneryobjects\Buildings_MC\bw_med_01.sco
1323588518
1323588518
-1
Sceneryobjects\Generic\car_park.sco
1186492418
1186492418
-1
Sceneryobjects\Generic\routearrow_dn.sco
1186492278
1186492278
-1
Sceneryobjects\Trees_MC\shrubbery_03_20.sco
1133251479
1133251479
-1
Sceneryobjects\Trees_MC\shrubbery_04_10.sco
1133251450
1133251450
-1
Sceneryobjects\Trees_MC\tree_medium_05.sco
1133251468
1133251468
-1
Sceneryobjects\Trees_MC\tree_medium_06.sco
1133251491
1133251491
-1
Sceneryobjects\Trees_MC\tree_medium_07.sco
1133251415
1133251415
-1
Sceneryobjects\UL\domek3.sco
1083858960
1083858960
-1
Splines\M96\Belgrade-Potez300\Test_skrzyzowania\Asfalt_5m.sli
1080982455
-
-
Splines\M96\invis_street.sli
1181617209
-
-
Splines\M96\Potez300\7,5-desni-trotoar-bez-linija - 6m.sli
1284671896
-
-
Splines\M96\Potez300\Asfalt_4m-svetli2.sli
1283101724
-
-
