Sceneryobjects\Belgrade\BusOznakaBG2\BusOznakaBG2.sco
1196524458
1196524458
-1
Sceneryobjects\Buildings_MC\bw_hall_grey_1.sco
1230790315
1230790315
-1
Sceneryobjects\Buildings_MC\bw_nervenklinik_B.sco
1230790317
1230790317
-1
Sceneryobjects\Generic\bus_stop.sco
1133251478
1133251478
-1
Sceneryobjects\Generic\people_standing_small.sco
1133251400
1133251400
-1
Sceneryobjects\Gonzales\Stanica.sco
1201322762
1201322762
-1
Sceneryobjects\M96\Potez300\bolec\pkb-bolec-prodavnica\pkb-bolec.sco
1290121354
1290121354
-1
Sceneryobjects\M96\Potez300\ograde\zicana-1.sco
1282318043
1282318043
-1
Sceneryobjects\Ruede\forest_backdrop01.sco
1143303573
1143303573
-1
Sceneryobjects\Streetobjects_RUE\DDR_Pole_Beton_cable.sco
1143303438
1143303438
-1
Sceneryobjects\Trees_MC\shrubbery_03_20_mod.sco
1155355312
1155355312
-1
Sceneryobjects\Trees_MC\shrubbery_04_10.sco
1133268384
1133268384
-1
Sceneryobjects\Trees_MC\shrubbery_04_20.sco
1133268451
1133268451
-1
Sceneryobjects\Trees_MC\shrubbery_04_20_mod.sco
1155355324
1155355324
-1
Sceneryobjects\Trees_MC\tree_large_02.sco
1133268475
1133268475
-1
Sceneryobjects\Trees_MC\tree_large_04.sco
1133268392
1133268392
-1
Sceneryobjects\Trees_MC\tree_medium_04.sco
1133268388
1133268388
-1
Sceneryobjects\Trees_MC\tree_medium_06.sco
1133268387
1133268387
-1
Sceneryobjects\Trees_MC\tree_medium_09.sco
1133268388
1133268388
-1
Sceneryobjects\Verkehrszeichen_MC\VZ_surfmark_arrow_L.sco
1042381819
1042381819
-1
Sceneryobjects\Verkehrszeichen_MC\VZ_surfmark_arrow_R.sco
1042457012
1042457012
-1
Sceneryobjects\Verkehrszeichen_MC\VZ_surfmark_arrow_S.sco
1042457013
1042457013
-1
Splines\M96\Potez300\9,5_stajaliste-plantaze-pkb-ka-ust.sli
1290112521
-
-
Splines\M96\Potez300\9-5-hladnjaca-pkb.sli
1290444493
-
-
Splines\M96\Potez300\9-5-hladnjaca-pkb-samo-ivicnjak.sli
1290444507
-
-
Splines\M96\Potez300\9-5-puna-linija-sa-bocnim.sli
1290115124
-
-
Splines\M96\Potez300\Asfalt_15m-svetli2.sli
1283039309
-
-
Splines\M96\Potez300\Asfalt_5m-svetli.sli
1283039232
-
-
Splines\M96\Potez300\Asfalt_7m-svetli2.sli
1282846038
-
-
Splines\M96\Potez300\blato-5m.sli
1283101449
-
-
Splines\M96\Potez300\kose-crte-2m.sli
1290119464
-
-
Splines\M96\Potez300\kraweznik-asfalt-nor.sli
1290247577
-
-
Splines\M96\Potez300\samo-breg-kod-pkb-c.sli
1290838183
-
-
Splines\M96\Potez300\trava-4m.sli
1281593532
-
-
Splines\Ruede\Kabel_holzmast_6m.sli
1143303473
-
-
Splines\Szczecin\kraweznik-trawa-nor.sli
1132987912
-
-
Splines\Test_skrzyzowania\Asfalt_4m.sli
1080982854
-
-
Splines\Test_skrzyzowania\Asfalt_5m.sli
1080982455
-
-
Splines\Test_skrzyzowania\Asfalt_6m.sli
1080982464
-
-
Splines\Test_skrzyzowania\Asfalt_7m.sli
1080982763
-
-
Splines\Test_skrzyzowania\Kraweznik_0,2m.sli
1080598311
-
-
Splines\Test_skrzyzowania\zebra.sli
1059679472
-
-
Splines\Yufa\12cm_N_line.sli
1060011436
-
-
Splines\Yufa\25cm_N_line.sli
1115850786
-
-
Splines\Yufa\50cm_normal_line.sli
1097629523
-
-
Splines\Yufa\O2_seb_line.sli
1163885139
-
-
