Sceneryobjects\Buildings_DDR_RUE\DDR_Falkensee_Eisdiele.sco
1186496150
1186496150
-1
Sceneryobjects\Buildings_MC\bw_supermarkt_1.sco
1030796719
1030796719
-1
Sceneryobjects\Buildings_RUE\Haus03d.sco
1143303344
1143303344
-1
Sceneryobjects\Generic\bus_stop.sco
1133251478
1133251478
-1
Sceneryobjects\Generic\car_park.sco
1133251403
1133251403
-1
Sceneryobjects\Generic\people_standing_small.sco
1133251400
1133251400
-1
Sceneryobjects\Generic\routearrows_busstop.sco
1133251466
1133251466
-1
Sceneryobjects\Gonzales\Stanica.sco
1201322762
1201322762
-1
Sceneryobjects\Kostelec_T18\ploty_zidky\Plot_3_A.sco
1183158635
1183158635
-1
Sceneryobjects\Kostelec_T18\ploty_zidky\Plot_7_C.sco
1183540161
1183540161
-1
Sceneryobjects\Kostelec_T18\ploty_zidky\Plot_9_A.sco
1183296694
1183296694
-1
Sceneryobjects\Kostelec_T18\Vesnice\PletU_dum104.sco
1246523808
1246523808
-1
Sceneryobjects\Kostelec_T18\Vesnice\Tosk_dum80.sco
1246523928
1246523928
-1
Sceneryobjects\Kostelec_T18\Vesnice\Unh_dum339.sco
1246523970
1246523970
-1
Sceneryobjects\M96\Potez300\buildings_mc\wohngew_med_01.sco
1230790319
1230790319
-1
Sceneryobjects\M96\Potez300\buildings_rue_mod\Haus02d.sco
1133251465
1133251465
-1
Sceneryobjects\M96\Potez300\buildings_rue_mod\Haus03f.sco
1133251402
1133251402
-1
Sceneryobjects\M96\Potez300\ograde\zelena-ograda-mreza\zica.sco
1282318059
1282318059
-1
Sceneryobjects\Objects_SN\Zaun_5m_01.sco
1050764313
1050764313
-1
Sceneryobjects\Objects_SN\Zaun_5m_03.sco
1050763751
1050763751
-1
Sceneryobjects\Ruede\forest_backdrop01.sco
1143303573
1143303573
-1
Sceneryobjects\Streetobjects_RUE\DDR_1xBG_S_Beton_cable.sco
1143303431
1143303431
-1
Sceneryobjects\Streetobjects_RUE\DDR_Pole_Beton_cable.sco
1143303438
1143303438
-1
Sceneryobjects\Streetobjects_RUE\sodiumlight_L_break_L.sco
1143303411
1143303411
-1
Sceneryobjects\Trees_MC\shrubbery_04_10.sco
1133268384
1133268384
-1
Sceneryobjects\Trees_MC\tree_medium_02.sco
1133268393
1133268393
-1
Sceneryobjects\Trees_MC\tree_medium_04.sco
1133268388
1133268388
-1
Sceneryobjects\Trees_MC\tree_medium_07.sco
1133268387
1133268387
-1
Sceneryobjects\Trees_MC\tree_medium_09.sco
1133268388
1133268388
-1
Sceneryobjects\VKL´s Objekte\Zaun1.sco
1113365045
1113365045
-1
Splines\DolniKounice\PS_kraweznik-trawa-nor.sli
1066572207
-
-
Splines\M96\Gonzales-Potez300\m96-9,5-desni_trotoar-isprekidana-linija-ivicnjak1.sli
1283824295
-
-
Splines\M96\Potez300\9,5_bez_ikakvih_linija.sli
1255965650
-
-
Splines\M96\Potez300\9,5_puna_linija_bez_bocnih.sli
1255965709
-
-
Splines\M96\Potez300\9,5-desni_trotoar_isprekidana_linija_bez_bocnih.sli
1256565903
-
-
Splines\M96\Potez300\Asfalt_4m-svetli.sli
1281594198
-
-
Splines\M96\Potez300\Asfalt_7m-svetli2.sli
1282846038
-
-
Splines\M96\Potez300\Asfalt_8m-svetli.sli
1283037904
-
-
Splines\M96\Potez300\Chodnik_kraweznik_2m.sli
1080529622
-
-
Splines\M96\Potez300\Special\Asfalt_4m-svetli.sli
1281594198
-
-
Splines\M96\Potez300\Special\Asfalt_7m-svetli.sli
1281594112
-
-
Splines\M96\Potez300\Special\kanal_trotoar.sli
1256749971
-
-
Splines\M96\Potez300\Special\kanal_zemlja-trava_uvis1.sli
1257928484
-
-
Splines\M96\Potez300\Special\trava_uzbrdica_4m_uvis.sli
1257806957
-
-
Splines\M96\Potez300\Special\vase_carapica_kanal_trotoar2_trava_levo2.sli
1257805933
-
-
Splines\M96\Potez300\Special\vase_carapica_kanal_trotoar2_trava_levo5.sli
1257806448
-
-
Splines\Ruede\Kabel_holzmast_6m.sli
1143303473
-
-
Splines\Steven\invis_human.sli
1084359296
-
-
Splines\Test_skrzyzowania\Bruk_5m.sli
1091273699
-
-
Splines\Test_skrzyzowania\Chodnik_1,5m.sli
1080722183
-
-
Splines\Test_skrzyzowania\Chodnik_3m.sli
1080722200
-
-
Splines\Test_skrzyzowania\Chodnik_5m.sli
1080722005
-
-
Splines\Test_skrzyzowania\zebra.sli
1059679472
-
-
