Sceneryobjects\AFG_Others\light01_s.sco
1116122256
1116122256
-1
Sceneryobjects\Buildings_MC\park_5.sco
1323586473
1323586473
-1
Sceneryobjects\Buildings_MC\park_7.sco
1323586492
1323586492
-1
Sceneryobjects\D016_znacky\Zakazove\B20a-Nejvyssi_rychlost_2C.sco
1117474445
1117474445
-1
Sceneryobjects\ETS_converts\gate02.sco
1159681405
1159681405
-1
Sceneryobjects\ETS_converts\trailer02.sco
1160159979
1160159979
-1
Sceneryobjects\ETS_converts\trailer08.sco
1160200935
1160200935
-1
Sceneryobjects\ETS_converts\wreck01.sco
1160278592
1160278592
-1
Sceneryobjects\ETS_converts\wreck02.sco
1160278599
1160278599
-1
Sceneryobjects\Generic\bus_stop.sco
1186490403
1186490403
-1
Sceneryobjects\Generic\car_park.sco
1186490370
1186490370
-1
Sceneryobjects\Generic\people_standing_small.sco
1186490510
1186490510
-1
Sceneryobjects\Generic\routearrows_busstop.sco
1186490465
1186490465
-1
Sceneryobjects\Gonzales\Stanica pecurka.sco
1201320709
1201320709
-1
Sceneryobjects\Gonzales\Stanica.sco
1201320714
1201320714
-1
Sceneryobjects\grass\gr_10m.sco
1192275092
1192275092
-1
Sceneryobjects\Kostelec_T18\ploty_zidky\Plot_1_A.sco
1291148015
1291148015
-1
Sceneryobjects\Kostelec_T18\ploty_zidky\Plot_3_A.sco
1291148015
1291148015
-1
Sceneryobjects\Kostelec_T18\ploty_zidky\Plot_3_B.sco
1291148015
1291148015
-1
Sceneryobjects\Kostelec_T18\ploty_zidky\Plot_4_A.sco
1291148015
1291148015
-1
Sceneryobjects\Kostelec_T18\ploty_zidky\Plot_6_D.sco
1291148015
1291148015
-1
Sceneryobjects\Kostelec_T18\ploty_zidky\Plot_7_C.sco
1291148015
1291148015
-1
Sceneryobjects\Kostelec_T18\ploty_zidky\Plot_9_A.sco
1291148015
1291148015
-1
Sceneryobjects\M96\Potez300\buildings_rue_mod\Haus02c2.sco
1133249351
1133249351
-1
Sceneryobjects\M96\Potez300\ograde\zicana-1.sco
1282315995
1282315995
-1
Sceneryobjects\M96\Potez300\prilazi\prilaz-3m-asfalt2.sco
1293775910
1293775910
-1
Sceneryobjects\M96\Potez300\znakovi\manje-table\tabla-izlaz.sco
1324787269
1324787269
-1
Sceneryobjects\M96\Potez300\znakovi\manje-table\tabla-ulaz-begaljica.sco
1324787031
1324787031
-1
Sceneryobjects\Objects_SN\Zaun_6m_02.sco
1133418358
1133418358
-1
Sceneryobjects\Objects_SN\Zaun_6m_03.sco
1050762767
1050762767
-1
Sceneryobjects\Objects_SN\Zaun_Tor_6m_02.sco
1050762457
1050762457
-1
Sceneryobjects\Ruede\forest_backdrop01.sco
1186490468
1186490468
-1
Sceneryobjects\Streetobjects_RUE\DDR_1xBG_S_Beton_cable.sco
1186490752
1186490752
-1
Sceneryobjects\Streetobjects_RUE\DDR_1xPGH-Topf_Wood+Cable.sco
1186490644
1186490644
-1
Sceneryobjects\Streetobjects_RUE\DDR_Pole_Wood_cable.sco
1186490539
1186490539
-1
Sceneryobjects\Streetobjects_RUE\neonlight_S_break_S.sco
1186490539
1186490539
-1
Sceneryobjects\Trees_MC\shrubbery_01_10.sco
1133249362
1133249362
-1
Sceneryobjects\Trees_MC\shrubbery_01_20.sco
1133249357
1133249357
-1
Sceneryobjects\Trees_MC\shrubbery_04_10.sco
1133249402
1133249402
-1
Sceneryobjects\Trees_MC\shrubbery_04_10_nocollision.sco
1130270737
1130270737
-1
Sceneryobjects\Trees_MC\shrubbery_04_20.sco
1133249363
1133249363
-1
Sceneryobjects\Trees_MC\tree_large_01.sco
1133249409
1133249409
-1
Sceneryobjects\Trees_MC\tree_medium_02.sco
1133249359
1133249359
-1
Sceneryobjects\Trees_MC\tree_medium_04.sco
1133249359
1133249359
-1
Sceneryobjects\Trees_MC\tree_medium_06.sco
1133249443
1133249443
-1
Sceneryobjects\UL\domek1.sco
1083856898
1083856898
-1
Sceneryobjects\UL\domek19.sco
1083857097
1083857097
-1
Sceneryobjects\UL\domek24.sco
1083857165
1083857165
-1
Sceneryobjects\UL\domek27.sco
1085824669
1085824669
-1
Sceneryobjects\UL\domek3.sco
1083856912
1083856912
-1
Sceneryobjects\UL\domek5.sco
1083856979
1083856979
-1
Sceneryobjects\UL\domek6.sco
1083856996
1083856996
-1
Sceneryobjects\UL\domek9.sco
1083857015
1083857015
-1
Sceneryobjects\Zastitna ograda\zastitnaograda.sco
1215870437
1215870437
-1
Splines\Belgrade\Test_skrzyzowania\Asfalt_7m.sli
1080980715
-
-
Splines\M96\Belgrade-Potez300\Test_skrzyzowania\Asfalt_4m.sli
1080980806
-
-
Splines\M96\Belgrade-Potez300\Test_skrzyzowania\Asfalt_7m.sli
1080980715
-
-
Splines\M96\Potez300\7,5-bez-linija-ai-trava-fill-dole2.sli
1264030038
-
-
Splines\M96\Potez300\as-begaljica-parking.sli
1293067733
-
-
Splines\M96\Potez300\Asfalt_4m-svetli2.sli
1283099676
-
-
Splines\M96\Potez300\Asfalt_4m-svetli-sa-travom-sa-strane3.sli
1293721177
-
-
Splines\M96\Potez300\Asfalt_8m-svetli.sli
1283035856
-
-
Splines\M96\Potez300\posle-begaljickog-mosta-ka-begaljici-breg-sa-strane4.sli
1293721687
-
-
Splines\Ruede\Kabel_holzmast_6m.sli
1196580411
-
-
