Sceneryobjects\Autos\LKW´s\axio1\Scania.sco
773923766
773923766
-1
Sceneryobjects\Buildings_MC\bw_med_01.sco
1323588518
1323588518
-1
Sceneryobjects\Buildings_MC\bw_med_02.sco
1323588546
1323588546
-1
Sceneryobjects\Buildings_MC\bw_workshop_01.sco
1323588538
1323588538
-1
Sceneryobjects\Buildings_MC\garage_1_sixpack.sco
1323588561
1323588561
-1
Sceneryobjects\Buildings_RUE\Haus03d.sco
1133251402
1133251402
-1
Sceneryobjects\ETS_converts\gate02.sco
1291150061
1291150061
-1
Sceneryobjects\Generic\bus_stop.sco
1186492451
1186492451
-1
Sceneryobjects\Generic\car_park.sco
1186492418
1186492418
-1
Sceneryobjects\Gonzales\Stanica pecurka.sco
1201322757
1201322757
-1
Sceneryobjects\Gonzales\Stanica.sco
1201322762
1201322762
-1
Sceneryobjects\Kostelec_T18\ploty_zidky\Plot_7_C.sco
1291150063
1291150063
-1
Sceneryobjects\Kostelec_T18\ploty_zidky\Plot_9_A.sco
1291150063
1291150063
-1
Sceneryobjects\Kostelec_T18\ploty_zidky\Plot_9_C.sco
1291150063
1291150063
-1
Sceneryobjects\M96\Potez300\buildings_rue_mod\Haus02d.sco
1133251465
1133251465
-1
Sceneryobjects\M96\Potez300\znakovi\manje-table\tabla-ulaz.sco
1281994474
1281994474
-1
Sceneryobjects\M96\Potez300\znakovi\table-mesto\grocka\tabla-izlaz.sco
1281993881
1281993881
-1
Sceneryobjects\mauer\mauer.sco
1052739948
1052739948
-1
Sceneryobjects\Nemolus Objekte\Verkehrszeichen\VZ_Mast_StopVorfahrtGewahren.sco
1047747532
1047747532
-1
Sceneryobjects\Nemolus Objekte\Verkehrszeichen\VZ_Mast_VerbotEinfahrt (2).sco
1198177350
1198177350
-1
Sceneryobjects\Objects_SN\Zaun_6m_03.sco
1291150073
1291150073
-1
Sceneryobjects\Objects_SN\Zaun2kk.sco
1291150073
1291150073
-1
Sceneryobjects\Objects_SN\Zaun3k.sco
1291150073
1291150073
-1
Sceneryobjects\Objects_SN\Zaun3kk.sco
1291150073
1291150073
-1
Sceneryobjects\Objects_SN\Zaun3o.sco
1291150073
1291150073
-1
Sceneryobjects\omsi_cz\domy\pneuservis.sco
1192604361
1192604361
-1
Sceneryobjects\omsimodcz\garaze\garaze.sco
1152991482
1152991482
-1
Sceneryobjects\Ruede\forest_backdrop01.sco
1186492516
1186492516
-1
Sceneryobjects\Trees_MC\shrubbery_03_20.sco
1133251479
1133251479
-1
Sceneryobjects\Trees_MC\shrubbery_04_10.sco
1133251450
1133251450
-1
Sceneryobjects\Trees_MC\shrubbery_04_20.sco
1133251411
1133251411
-1
Sceneryobjects\Trees_MC\tree_large_02.sco
1133251407
1133251407
-1
Sceneryobjects\Trees_MC\tree_large_04.sco
1133251468
1133251468
-1
Sceneryobjects\Trees_MC\tree_large_06.sco
1133251415
1133251415
-1
Sceneryobjects\Trees_MC\tree_medium_02.sco
1133251407
1133251407
-1
Sceneryobjects\Trees_MC\tree_medium_07.sco
1133251415
1133251415
-1
Sceneryobjects\Trees_MC\tree_medium_09.sco
1133251491
1133251491
-1
Sceneryobjects\UL\domek15.sco
1083859115
1083859115
-1
Sceneryobjects\Wroclaw\stacja bp.sco
1114815862
1114815862
-1
Splines\M96\Belgrade-Potez300\Test_skrzyzowania\Asfalt_7m.sli
1080982763
-
-
Splines\M96\Potez300\Asfalt_10m-svetli2.sli
1283039016
-
-
Splines\M96\Potez300\Asfalt_15m-svetli2.sli
1283039309
-
-
Splines\M96\Potez300\Asfalt_4m-svetli.sli
1281594198
-
-
Splines\M96\Potez300\Asfalt_7m-svetli.sli
1281594112
-
-
Splines\M96\Potez300\RQ_9,5_2spur_6,5m.sli
1317112119
-
-
Splines\M96\Potez300\Special\Asfalt_4m-svetli.sli
1281594198
-
-
Splines\O3D_SimpleCrossingSplines\Beton1_8m.sli
1157317897
-
-
Splines\Terrain Spline\Terrain Spline_Other textures\Terrain-Spline_Origin_Betonplatten\4mTerrain_Spline_Origin_Betonplatten.sli
1157972358
-
-
Splines\Test_skrzyzowania\Asfalt_3m.sli
1080980309
-
-
Splines\Test_skrzyzowania\Asfalt_5m.sli
1080980407
-
-
Splines\Test_skrzyzowania\Asfalt_7m.sli
1080980715
-
-
Splines\Test_skrzyzowania\Kraweznik_0,1m.sli
1080596259
-
-
Splines\Test_skrzyzowania\Linia_przerywana2.sli
1080597437
-
-
