Sceneryobjects\Azzoni94\Kuca 3\kuca.sco
1178406646
1178406646
-1
Sceneryobjects\Buildings_MC\bw_workshop_01.sco
1323588538
1323588538
-1
Sceneryobjects\Buildings_RUE\Haus03e.sco
1133251449
1133251449
-1
Sceneryobjects\ETS_converts\cargomix01.sco
1291150061
1291150061
-1
Sceneryobjects\ETS_converts\gate.sco
1291150061
1291150061
-1
Sceneryobjects\ETS_converts\trailer04.sco
1291150062
1291150062
-1
Sceneryobjects\ETS_converts\trailer08.sco
1291150062
1291150062
-1
Sceneryobjects\Generic\car_park.sco
1186492418
1186492418
-1
Sceneryobjects\Generic\people_standing_small.sco
1186492558
1186492558
-1
Sceneryobjects\Gonzales\Stanica.sco
1201322762
1201322762
-1
Sceneryobjects\Jan Kiesewalter\crash_barrier.sco
1053643535
1053643535
-1
Sceneryobjects\Kostelec_T18\ploty_zidky\Plot_9_C.sco
1291150063
1291150063
-1
Sceneryobjects\M96\Potez300\buildings_rue_mod\Haus02c2.sco
1133251399
1133251399
-1
Sceneryobjects\Mega polish mod\Male_sklepy\2\sklep.sco
1112387194
1112387194
-1
Sceneryobjects\Objects_SN\Zaun3.sco
1291150073
1291150073
-1
Sceneryobjects\Objects_SN\Zaun3k.sco
1291150073
1291150073
-1
Sceneryobjects\Ruede\forest_backdrop01.sco
1186492516
1186492516
-1
Sceneryobjects\Trees_MC\shrubbery_01_20.sco
1133251405
1133251405
-1
Sceneryobjects\Trees_MC\shrubbery_03_20.sco
1133251479
1133251479
-1
Sceneryobjects\Trees_MC\shrubbery_04_10.sco
1133251450
1133251450
-1
Sceneryobjects\Trees_MC\shrubbery_04_20.sco
1133251411
1133251411
-1
Sceneryobjects\Trees_MC\tree_large_02.sco
1133251407
1133251407
-1
Sceneryobjects\Trees_MC\tree_medium_02.sco
1133251407
1133251407
-1
Sceneryobjects\Trees_MC\tree_medium_07.sco
1133251415
1133251415
-1
Sceneryobjects\Trees_MC\tree_medium_09.sco
1133251491
1133251491
-1
Sceneryobjects\wooder\pplocha2.sco
1062706835
1062706835
-1
Splines\M96\Potez300\Asfalt_15m-svetli2.sli
1283039309
-
-
Splines\M96\Potez300\Asfalt_7m-svetli.sli
1281594112
-
-
Splines\M96\Potez300\RQ_9,5_2spur_6,5m.sli
1317112119
-
-
Vehicles\MAN_F90\MAN_F90_parked.sco
1210954113
1210954113
-1
