Sceneryobjects\AFG_Line_235\MO_build21.sco
1093668987
1093668987
-1
Sceneryobjects\Buildings_MC\bw_50s_21.sco
1230790315
1230790315
-1
Sceneryobjects\Buildings_RUE\Haus03d.sco
1133251402
1133251402
-1
Sceneryobjects\Generic\bus_stop.sco
1133251478
1133251478
-1
Sceneryobjects\Generic\car_park.sco
1133251403
1133251403
-1
Sceneryobjects\Generic\entrypoint_bus.sco
1133251464
1133251464
-1
Sceneryobjects\Generic\people_standing_small.sco
1133251400
1133251400
-1
Sceneryobjects\Gonzales\Stanica.sco
1201322762
1201322762
-1
Sceneryobjects\Kostelec_T18\ploty_zidky\Plot_1_A.sco
1246523175
1246523175
-1
Sceneryobjects\Kostelec_T18\ploty_zidky\Plot_2_A.sco
1246523197
1246523197
-1
Sceneryobjects\Kostelec_T18\ploty_zidky\Plot_3_A.sco
1246523216
1246523216
-1
Sceneryobjects\Kostelec_T18\ploty_zidky\Plot_9_A.sco
1246523503
1246523503
-1
Sceneryobjects\M96\Potez300\AI_crossings\vucka_milicevica9.sco
1259249139
1259249139
-1
Sceneryobjects\M96\Potez300\buildings_rue_mod\Haus02c2.sco
1133251399
1133251399
-1
Sceneryobjects\M96\Potez300\buildings_rue_mod\Haus02d.sco
1133251465
1133251465
-1
Sceneryobjects\M96\Potez300\buildings_rue_mod\Haus03f.sco
1133251402
1133251402
-1
Sceneryobjects\M96\Potez300\ograde\zicana-1.sco
1282318043
1282318043
-1
Sceneryobjects\Objects_SN\Zaun_5m_01.sco
1050760217
1050760217
-1
Sceneryobjects\Objects_SN\Zaun_5m_03.sco
1050759655
1050759655
-1
Sceneryobjects\Objects_SN\Zaun_Tor_6m_02.sco
1050760409
1050760409
-1
Sceneryobjects\Ruede\hst_wartehaus_alt01.sco
1044736493
1044736493
-1
Sceneryobjects\Streetobjects_RUE\DDR_Pole_Wood_cable.sco
1133251468
1133251468
-1
Sceneryobjects\Streetobjects_RUE\neonlight_S_break_S.sco
1133251405
1133251405
-1
Sceneryobjects\Streetobjects_RUE\neonlight_S_wood.sco
1133251467
1133251467
-1
Sceneryobjects\Streetobjects_RUE\sodiumlight_L_break_L.sco
1133251410
1133251410
-1
Sceneryobjects\Streetobjects_RUE\sodiumlight_L_whip_L.sco
1133251405
1133251405
-1
Sceneryobjects\Trees_MC\shrubbery_01_10.sco
1133268405
1133268405
-1
Sceneryobjects\Trees_MC\shrubbery_03_10.sco
1133268385
1133268385
-1
Sceneryobjects\Trees_MC\shrubbery_04_10.sco
1133268384
1133268384
-1
Sceneryobjects\Trees_MC\shrubbery_04_20.sco
1133268451
1133268451
-1
Sceneryobjects\Trees_MC\tree_large_01.sco
1133268392
1133268392
-1
Sceneryobjects\Trees_MC\tree_large_02.sco
1133268475
1133268475
-1
Sceneryobjects\Trees_MC\tree_large_04.sco
1133268392
1133268392
-1
Sceneryobjects\Trees_MC\tree_medium_02.sco
1133268393
1133268393
-1
Sceneryobjects\Trees_MC\tree_medium_07.sco
1133268387
1133268387
-1
Sceneryobjects\Trees_MC\tree_medium_09.sco
1133268388
1133268388
-1
Splines\M96\Potez300\7,5-desni-trotoar-bez-linija  - no_ai.sli
1256891077
-
-
Splines\M96\Potez300\9,5_bez_ikakvih_linija.sli
1255965650
-
-
Splines\M96\Potez300\9,5_isprekidana_linija-bez-bocnih.sli
1260028244
-
-
Splines\M96\Potez300\Chodnik_kraweznik_1,2m -mirror.sli
1283818258
-
-
Splines\M96\Potez300\Chodnik_kraweznik_1,2m.sli
1080529409
-
-
Splines\M96\Potez300\Chodnik_kraweznik_1,5m.sli
1080529362
-
-
Splines\M96\Potez300\Chodnik_kraweznik_2m.sli
1080529622
-
-
Splines\M96\Potez300\RQ_7,5_2spur_5,5m_Sidewalk.sli
1047221001
-
-
Splines\M96\Potez300\RQ_9,5_2spur_6,5m_Sidewalk.sli
1047221002
-
-
Splines\M96\Potez300\Special\9,5_2spur_6,5m_Sidewalk-trot-tamni-beton-trava-siri-5m-obe-strane.sli
1282186433
-
-
Splines\M96\Potez300\Special\9,5_2spur_6,5m_Sidewalk-trot-tamni-beton-trava-siri-5m-samo-levo-stanica.sli
1282186563
-
-
Splines\M96\Potez300\Special\Asfalt_4m-svetli.sli
1281594198
-
-
Splines\M96\Potez300\Special\Asfalt_7m-svetli.sli
1281594112
-
-
Splines\M96\Potez300\Special\samo-trot-tamni-beton-trava-siri-5m-desno.sli
1282186513
-
-
Splines\M96\Potez300\trotoar-1,2-sa-travom-5m.sli
1287297475
-
-
Splines\Marcel\invis_street.sli
1181617209
-
-
Splines\Test_skrzyzowania\Asfalt_10m.sli
1080980796
-
-
Splines\Test_skrzyzowania\Asfalt_4m.sli
1080980806
-
-
Splines\Test_skrzyzowania\Asfalt_6m.sli
1080980416
-
-
Splines\Test_skrzyzowania\Asfalt_7m.sli
1080980715
-
-
Splines\Test_skrzyzowania\Chodnik_3m.sli
1080720152
-
-
Splines\Tettau\Asphalt2_5m.sli
1147361717
-
-
