Sceneryobjects\Azzoni94\Kuca 2\kuca.sco
1178404157
1178404157
-1
Sceneryobjects\Azzoni94\Kuca 5\kuca.sco
1178405060
1178405060
-1
Sceneryobjects\Azzoni94\Kuca 7\kuca.sco
1178759524
1178759524
-1
Sceneryobjects\Buildings_MC\bw_med_01.sco
1323586470
1323586470
-1
Sceneryobjects\Buildings_MC\bw_workshop_01.sco
1323586490
1323586490
-1
Sceneryobjects\ETS_converts\cargomix02.sco
1160282384
1160282384
-1
Sceneryobjects\ETS_converts\gate_2.sco
1159681079
1159681079
-1
Sceneryobjects\ETS_converts\trailer02.sco
1160159979
1160159979
-1
Sceneryobjects\ETS_converts\trailer08.sco
1160200935
1160200935
-1
Sceneryobjects\Generic\bus_stop.sco
1186490403
1186490403
-1
Sceneryobjects\Generic\car_park.sco
1186490370
1186490370
-1
Sceneryobjects\Generic\people_standing_small.sco
1186490510
1186490510
-1
Sceneryobjects\Generic\routearrows_busstop.sco
1186490465
1186490465
-1
Sceneryobjects\Gonzales\Stanica.sco
1201320714
1201320714
-1
Sceneryobjects\grass\gr_10m.sco
1192275092
1192275092
-1
Sceneryobjects\Kostelec_T18\ploty_zidky\Plot_3_B.sco
1291148015
1291148015
-1
Sceneryobjects\Kostelec_T18\ploty_zidky\Plot_4_A.sco
1291148015
1291148015
-1
Sceneryobjects\Kostelec_T18\ploty_zidky\Plot_6_D.sco
1291148015
1291148015
-1
Sceneryobjects\Kostelec_T18\ploty_zidky\plot_7_A.sco
1291148015
1291148015
-1
Sceneryobjects\Kostelec_T18\ploty_zidky\Plot_7_C.sco
1291148015
1291148015
-1
Sceneryobjects\Kostelec_T18\ploty_zidky\Plot_9_A.sco
1291148015
1291148015
-1
Sceneryobjects\Kostelec_T18\ploty_zidky\Zidka_2_A.sco
1291148015
1291148015
-1
Sceneryobjects\M96\Potez300\ograde\zardjala-zelena-ograda-mreza\zica.sco
1282385321
1282385321
-1
Sceneryobjects\Ruede\forest_backdrop01.sco
1186490468
1186490468
-1
Sceneryobjects\Streetobjects_RUE\DDR_1xBG_S_Beton_cable.sco
1186490752
1186490752
-1
Sceneryobjects\Trees_MC\shrubbery_01_10.sco
1133249362
1133249362
-1
Sceneryobjects\Trees_MC\shrubbery_03_20.sco
1133249431
1133249431
-1
Sceneryobjects\Trees_MC\shrubbery_04_10.sco
1133249402
1133249402
-1
Sceneryobjects\Trees_MC\shrubbery_04_20.sco
1133249363
1133249363
-1
Sceneryobjects\Trees_MC\tree_medium_02.sco
1133249359
1133249359
-1
Sceneryobjects\Trees_MC\tree_medium_04.sco
1133249359
1133249359
-1
Sceneryobjects\Trees_MC\tree_medium_06.sco
1133249443
1133249443
-1
Sceneryobjects\Trees_MC\tree_medium_07.sco
1133249367
1133249367
-1
Sceneryobjects\UL\domek24.sco
1083857165
1083857165
-1
Sceneryobjects\UL\domek3.sco
1083856912
1083856912
-1
Sceneryobjects\UL\domek6.sco
1083856996
1083856996
-1
Sceneryobjects\UL\domek9.sco
1083857015
1083857015
-1
Splines\M96\Belgrade-Potez300\Test_skrzyzowania\Asfalt_7m.sli
1080980715
-
-
Splines\M96\Potez300\7,5-bez-linija-ai-trava-fill-dole2.sli
1264030038
-
-
Splines\M96\Potez300\7,5-desni-trotoar-bez-linija - 6m - begaljica-ulaz-temp.sli
1301917970
-
-
Splines\M96\Potez300\Asfalt_10m-svetli2.sli
1283036968
-
-
Splines\M96\Potez300\Asfalt_15m-svetli2.sli
1283037261
-
-
Splines\M96\Potez300\Asfalt_4m-svetli2.sli
1283099676
-
-
Splines\M96\Potez300\Asfalt_8m-svetli.sli
1283035856
-
-
Splines\M96\Potez300\Chodnik_kraweznik_2m.sli
1080527574
-
-
Splines\M96\Potez300\Special\Asfalt_4m-svetli.sli
1281592150
-
-
Splines\M96\Potez300\trava-1m.sli
1281591448
-
-
Splines\M96\Potez300\trotoar-1,2-sa-travom-5m.sli
1287295427
-
-
Splines\Ruede\Kabel_holzmast_6m.sli
1196580411
-
-
Splines\Test_skrzyzowania\Kraweznik_0,1m.sli
1080594211
-
-
