Sceneryobjects\Ruede\forest_backdrop01.sco
1186492516
1186492516
-1
Sceneryobjects\Streetobjects_RUE\DDR_Pole_Beton_cable.sco
1186492614
1186492614
-1
Sceneryobjects\Trees_MC\shrubbery_01_20.sco
1133251405
1133251405
-1
Sceneryobjects\Trees_MC\shrubbery_03_20_mod.sco
1155355312
1155355312
-1
Sceneryobjects\Trees_MC\shrubbery_04_10.sco
1133251450
1133251450
-1
Sceneryobjects\Trees_MC\shrubbery_04_20.sco
1133251411
1133251411
-1
Sceneryobjects\Trees_MC\tree_medium_02.sco
1133251407
1133251407
-1
Sceneryobjects\Trees_MC\tree_medium_06.sco
1133251491
1133251491
-1
Splines\M96\Potez300\RQ_9,5_2spur_6,5m.sli
1317112119
-
-
Splines\Ruede\Kabel_holzmast_6m.sli
1196582459
-
-
