Sceneryobjects\Buildings_MC\bw_workshop_01.sco
1323588538
1323588538
-1
Sceneryobjects\ETS_converts\cargomix01.sco
1291150061
1291150061
-1
Sceneryobjects\ETS_converts\gate.sco
1291150061
1291150061
-1
Sceneryobjects\Generic\car_park.sco
1186492418
1186492418
-1
Sceneryobjects\Generic\people_standing_small.sco
1186492558
1186492558
-1
Sceneryobjects\Mega polish mod\Male_sklepy\2\sklep.sco
1112387194
1112387194
-1
Sceneryobjects\Objects_SN\Zaun3kk.sco
1291150073
1291150073
-1
Sceneryobjects\Ruede\forest_backdrop01.sco
1186492516
1186492516
-1
Sceneryobjects\Static_Vehicles_RUE\E2H85.sco
1323588706
1323588706
-1
Sceneryobjects\Trees_MC\shrubbery_04_10.sco
1133251450
1133251450
-1
Sceneryobjects\Trees_MC\tree_large_04.sco
1133251468
1133251468
-1
Sceneryobjects\Trees_MC\tree_medium_02.sco
1133251407
1133251407
-1
Sceneryobjects\Trees_MC\tree_medium_07.sco
1133251415
1133251415
-1
Sceneryobjects\Trees_MC\tree_medium_09.sco
1133251491
1133251491
-1
Splines\M96\Potez300\Asfalt_10m-svetli2.sli
1283039016
-
-
Splines\M96\Potez300\Asfalt_4m-svetli.sli
1281594198
-
-
Splines\Terrain Spline\Terrain Spline_Other textures\Terrain-Spline_Origin_Betonplatten\15mTerrain_Spline_Origin_Betonplatten.sli
1157972364
-
-
Splines\Terrain Spline\Terrain Spline_Other textures\Terrain-Spline_Origin_Betonplatten\20mTerrain_Spline_Origin_Betonplatten.sli
1157972366
-
-
Splines\Terrain Spline\Terrain Spline_Other textures\Terrain-Spline_Origin_Betonplatten\4mTerrain_Spline_Origin_Betonplatten.sli
1157972358
-
-
Splines\Test_skrzyzowania\Asfalt_5m.sli
1080980407
-
-
Splines\Test_skrzyzowania\Linia_przerywana2.sli
1080597437
-
-
