Sceneryobjects\Ruede\forest_backdrop01.sco
1018397622
1018397622
-1
Sceneryobjects\Trees_MC\shrubbery_04_10.sco
1133268384
1133268384
-1
Sceneryobjects\Trees_MC\tree_large_01.sco
1133268392
1133268392
-1
Sceneryobjects\Trees_MC\tree_medium_06.sco
1133268387
1133268387
-1
Splines\M96\Potez300\9,5_isprekidana_linija-bez-bocnih-nizbrdo-sa-strane-25m-5m.sli
1284348216
-
-
Splines\M96\Potez300\trava-4m.sli
1281593532
-
-
Splines\M96\Potez300\zemljani-put-4m.sli
1279891066
-
-
Splines\Szczecin\kraweznik-trawa-nor.sli
1132969480
-
-
