Sceneryobjects\Buildings_Alex\bugor01.sco
1056150706
1056150706
-1
Sceneryobjects\Buildings_MC\bw_med_01.sco
1323588518
1323588518
-1
Sceneryobjects\Generic\bus_stop.sco
1186492451
1186492451
-1
Sceneryobjects\Generic\car_park.sco
1186492418
1186492418
-1
Sceneryobjects\Generic\people_standing_small.sco
1186492558
1186492558
-1
Sceneryobjects\Gonzales\Stanica.sco
1201322762
1201322762
-1
Sceneryobjects\grass\gr_10m.sco
1192277140
1192277140
-1
Sceneryobjects\Kostelec_T18\ploty_zidky\Plot_3_A.sco
1291150063
1291150063
-1
Sceneryobjects\Kostelec_T18\ploty_zidky\Plot_3_B.sco
1291150063
1291150063
-1
Sceneryobjects\Kostelec_T18\ploty_zidky\Plot_9_A.sco
1291150063
1291150063
-1
Sceneryobjects\M96\Potez300\buildings_rue_mod\Haus03e.sco
1133251449
1133251449
-1
Sceneryobjects\M96\Potez300\ograde\zardjala-zelena-ograda-mreza\zica.sco
1282387369
1282387369
-1
Sceneryobjects\Ruede\forest_backdrop01.sco
1186492516
1186492516
-1
Sceneryobjects\Streetobjects_RUE\DDR_1xBG_S_Beton_cable.sco
1186492800
1186492800
-1
Sceneryobjects\Trees_MC\shrubbery_03_20.sco
1133251479
1133251479
-1
Sceneryobjects\Trees_MC\shrubbery_04_20.sco
1133251411
1133251411
-1
Sceneryobjects\Trees_MC\tree_large_01.sco
1133251457
1133251457
-1
Sceneryobjects\Trees_MC\tree_medium_04.sco
1133251407
1133251407
-1
Sceneryobjects\UL\domek24.sco
1083859213
1083859213
-1
Sceneryobjects\UL\domek27.sco
1085826717
1085826717
-1
Sceneryobjects\UL\domek6.sco
1083859044
1083859044
-1
Splines\M96\Potez300\7,5-bez-linija-ai-trava-fill-dole2.sli
1264032086
-
-
Splines\M96\Potez300\Asfalt_4m-svetli.sli
1281594198
-
-
Splines\Ruede\Kabel_holzmast_6m.sli
1196582459
-
-
