Sceneryobjects\AFG_Others\light01_s.sco
1116122256
1116122256
-1
Sceneryobjects\Buildings_Alex\field.sco
1058041999
1058041999
-1
Sceneryobjects\Buildings_DDR_RUE\DDR_Barn_03.sco
1133249346
1133249346
-1
Sceneryobjects\Buildings_MC\bw_med_01.sco
1323586470
1323586470
-1
Sceneryobjects\Buildings_MC\bw_workshop_01.sco
1323586490
1323586490
-1
Sceneryobjects\ETS_converts\trailer02.sco
1160159979
1160159979
-1
Sceneryobjects\Generic\car_park.sco
1186490370
1186490370
-1
Sceneryobjects\Kostelec_T18\ploty_zidky\Plot_2_B.sco
1291148015
1291148015
-1
Sceneryobjects\Kostelec_T18\ploty_zidky\Plot_3_A.sco
1291148015
1291148015
-1
Sceneryobjects\Kostelec_T18\ploty_zidky\Plot_3_B.sco
1291148015
1291148015
-1
Sceneryobjects\Kostelec_T18\ploty_zidky\Plot_4_A.sco
1291148015
1291148015
-1
Sceneryobjects\Kostelec_T18\ploty_zidky\plot_7_A.sco
1291148015
1291148015
-1
Sceneryobjects\Kostelec_T18\ploty_zidky\Plot_7_C.sco
1291148015
1291148015
-1
Sceneryobjects\Kostelec_T18\ploty_zidky\Plot_8_B.sco
1291148015
1291148015
-1
Sceneryobjects\Kostelec_T18\ploty_zidky\Plot_9_A.sco
1291148015
1291148015
-1
Sceneryobjects\Objects_SN\Zaun_5m_02.sco
1050761591
1050761591
-1
Sceneryobjects\Trees_MC\shrubbery_03_20.sco
1133249431
1133249431
-1
Sceneryobjects\Trees_MC\shrubbery_04_10.sco
1133249402
1133249402
-1
Sceneryobjects\Trees_MC\shrubbery_04_20.sco
1133249363
1133249363
-1
Sceneryobjects\Trees_MC\tree_large_04.sco
1133249420
1133249420
-1
Sceneryobjects\Trees_MC\tree_medium_02.sco
1133249359
1133249359
-1
Sceneryobjects\Trees_MC\tree_medium_04.sco
1133249359
1133249359
-1
Sceneryobjects\Trees_MC\tree_medium_06.sco
1133249443
1133249443
-1
Sceneryobjects\Trees_MC\tree_medium_08.sco
1133249359
1133249359
-1
Sceneryobjects\UL\domek24.sco
1083857165
1083857165
-1
Sceneryobjects\UL\domek27.sco
1085824669
1085824669
-1
Sceneryobjects\UL\domek3.sco
1083856912
1083856912
-1
Sceneryobjects\UL\domek5.sco
1083856979
1083856979
-1
Sceneryobjects\UL\domek6.sco
1083856996
1083856996
-1
Sceneryobjects\UL\domek9.sco
1083857015
1083857015
-1
Splines\M96\Belgrade-Potez300\Test_skrzyzowania\Asfalt_5m.sli
1080980407
-
-
Splines\M96\invis_street.sli
1181615161
-
-
Splines\M96\Potez300\7,5-desni-trotoar-bez-linija - 6m.sli
1284669848
-
-
Splines\M96\Potez300\Asfalt_10m-svetli2.sli
1283036968
-
-
Splines\M96\Potez300\Asfalt_4m-svetli.sli
1281592150
-
-
Splines\M96\Potez300\Asfalt_4m-svetli2.sli
1283099676
-
-
