Sceneryobjects\Azzoni94\Kuca 3\kuca.sco
1178404598
1178404598
-1
Sceneryobjects\Azzoni94\Kuca 5\kuca.sco
1178405060
1178405060
-1
Sceneryobjects\Azzoni94\Kuca 7\kuca.sco
1178759524
1178759524
-1
Sceneryobjects\Buildings_MC\buro_01.sco
1259517098
1259517098
-1
Sceneryobjects\Buildings_MC\bw_workshop_01.sco
1259517149
1259517149
-1
Sceneryobjects\Buildings_MC\muro_10m.sco
1046969133
1046969133
-1
Sceneryobjects\Buildings_MC\wohn_smrow_01.sco
1259517170
1259517170
-1
Sceneryobjects\Buildings_RUE\Haus03d.sco
1259517114
1259517114
-1
Sceneryobjects\ETS_converts\cargomix01.sco
1160278702
1160278702
-1
Sceneryobjects\ETS_converts\gate02.sco
1159681405
1159681405
-1
Sceneryobjects\ETS_converts\palette02.sco
1160282406
1160282406
-1
Sceneryobjects\ETS_converts\trailer08.sco
1160200935
1160200935
-1
Sceneryobjects\Generic\bus_stop.sco
1259517115
1259517115
-1
Sceneryobjects\Generic\car_park.sco
1259517115
1259517115
-1
Sceneryobjects\Generic\people_standing_small.sco
1259517103
1259517103
-1
Sceneryobjects\Generic\routearrows_busstop.sco
1259517103
1259517103
-1
Sceneryobjects\Gonzales\Oznaka BUS 1.sco
1099860020
1099860020
-1
Sceneryobjects\Gonzales\Stanica.sco
1201320714
1201320714
-1
Sceneryobjects\Kostelec_T18\ploty_zidky\Plot_3_A.sco
1246521168
1246521168
-1
Sceneryobjects\Kostelec_T18\ploty_zidky\Plot_7_C.sco
1246521427
1246521427
-1
Sceneryobjects\Kostelec_T18\ploty_zidky\Plot_9_A.sco
1246521455
1246521455
-1
Sceneryobjects\M96\Potez300\buildings_mc\wohngew_med_01.sco
1230788271
1230788271
-1
Sceneryobjects\M96\Potez300\buildings_rue_mod\Haus02d.sco
1133249417
1133249417
-1
Sceneryobjects\M96\Potez300\buildings_rue_mod\Haus03f.sco
1133249354
1133249354
-1
Sceneryobjects\M96\Potez300\prodavnice-grocka\amd-grocka\amd-grocka.sco
1258009580
1258009580
-1
Sceneryobjects\M96\Potez300\razno\PrilazKuci\Beton\PrilazKuci.sco
1289450976
1289450976
-1
Sceneryobjects\Objects_SN\Zaun_5m_01.sco
1050762265
1050762265
-1
Sceneryobjects\Objects_SN\Zaun_5m_03.sco
1050761703
1050761703
-1
Sceneryobjects\Objects_SN\Zaun1o.sco
1093252281
1093252281
-1
Sceneryobjects\Objects_SN\Zaun2o.sco
1093252291
1093252291
-1
Sceneryobjects\Objects_SN\Zaun3k.sco
1093251791
1093251791
-1
Sceneryobjects\Objects_SN\Zaun3o.sco
1093252295
1093252295
-1
Sceneryobjects\omsimodcz\garaze\garaze.sco
1152989434
1152989434
-1
Sceneryobjects\Ruede\forest_backdrop01.sco
1259517107
1259517107
-1
Sceneryobjects\Streetobjects_RUE\neonlight_L_bend_L.sco
1259517160
1259517160
-1
Sceneryobjects\Streetobjects_RUE\sodiumlight_L_break_L.sco
1259517181
1259517181
-1
Sceneryobjects\Szombathely\B8\B8.sco
1132160217
1132160217
-1
Sceneryobjects\Trees_MC\shrubbery_04_10.sco
1259517197
1259517197
-1
Sceneryobjects\Trees_MC\tree_large_02.sco
1259517110
1259517110
-1
Sceneryobjects\Trees_MC\tree_large_04.sco
1259517189
1259517189
-1
Sceneryobjects\Trees_MC\tree_medium_02.sco
1259517110
1259517110
-1
Sceneryobjects\Trees_MC\tree_medium_04.sco
1259517186
1259517186
-1
Sceneryobjects\Trees_MC\tree_medium_07.sco
1259517165
1259517165
-1
Sceneryobjects\Trees_MC\tree_medium_09.sco
1259517189
1259517189
-1
Sceneryobjects\UL\zastavka_1.sco
1085825462
1085825462
-1
Sceneryobjects\VKL´s Objekte\Zaun1.sco
1113362997
1113362997
-1
Splines\DolniKounice\PS_kraweznik-trawa-nor.sli
1066570159
-
-
Splines\M96\Potez300\9-5-desno-asfalt-t2.sli
1268160868
-
-
Splines\M96\Potez300\9-5-kanali-sa-obe-strane-isprekidana-linija-desno-trotoar-levo-brdo3 -asfalt-t2.sli
1258185896
-
-
Splines\M96\Potez300\9-5-kanali-sa-obe-strane-isprekidana-linija-trava-desno_brdo-prilazi-1-3m-uvis.sli
1284935978
-
-
Splines\M96\Potez300\Asfalt_10m-svetli2.sli
1283036968
-
-
Splines\M96\Potez300\Asfalt_15m-svetli2.sli
1283037261
-
-
Splines\M96\Potez300\Asfalt_4m-svetli.sli
1281592150
-
-
Splines\M96\Potez300\Asfalt_5m-svetli.sli
1283037184
-
-
Splines\M96\Potez300\Asfalt_7m-svetli2.sli
1282843990
-
-
Splines\M96\Potez300\Chodnik_kraweznik_1,2m -mirror.sli
1283816210
-
-
Splines\M96\Potez300\Chodnik_kraweznik_1,2m.sli
1080527361
-
-
Splines\M96\Potez300\Chodnik_kraweznik_1,5m.sli
1080527314
-
-
Splines\M96\Potez300\Special\9-5-kanali-sa-obe-strane-isprekidana-linija-desno-trava-levo-brdo3 -asfalt-t2.sli
1258396186
-
-
Splines\M96\Potez300\Special\9-5-kanali-sa-obe-strane-isprekidana-linija-trava-desno_brdo -asfalt-t22.sli
1259699345
-
-
Splines\M96\Potez300\Special\9-5-kanal-sa-leve-strane-isprekidana-linija1.sli
1258010276
-
-
Splines\M96\Potez300\Special\Asfalt_4m-svetli.sli
1281592150
-
-
Splines\M96\Potez300\Special\Asfalt_7m-svetli.sli
1281592064
-
-
Splines\M96\Potez300\Special\trava_uzbrdica_4m_uvis.sli
1257804909
-
-
Splines\M96\Potez300\Special\trava_uzbrdica_5m_uvis-1m.sli
1258184514
-
-
Splines\omsi_cz\wooder\zed.sli
1195084892
-
-
Splines\Terrain Spline\Terrain Spline_Other textures\Terrain-Spline_Origin_Betonplatten\10mTerrain_Spline_Origin_Betonplatten.sli
1157970314
-
-
Splines\Terrain Spline\Terrain Spline_Other textures\Terrain-Spline_Origin_Betonplatten\4mTerrain_Spline_Origin_Betonplatten.sli
1157970310
-
-
Splines\Test_skrzyzowania\Asfalt_5m.sli
1080978359
-
-
Splines\Test_skrzyzowania\Asfalt_7m.sli
1080978667
-
-
Splines\Test_skrzyzowania\Asfalt_9m.sli
1080978721
-
-
Splines\Test_skrzyzowania\Chodnik_kraweznik_1,2m.sli
1080527361
-
-
Splines\Tettau\Asphalt2_5m.sli
1147361717
-
-
