Sceneryobjects\Buildings_Alex\wall01.sco
1058297288
1058297288
-1
Sceneryobjects\Buildings_Alex\wall02.sco
1058297296
1058297296
-1
Sceneryobjects\Buildings_MC\Box01.sco
1323588544
1323588544
-1
Sceneryobjects\Buildings_MC\bw_med_01.sco
1323588518
1323588518
-1
Sceneryobjects\ETS_converts\trailer02.sco
1291150062
1291150062
-1
Sceneryobjects\Generic\bus_stop.sco
1186492451
1186492451
-1
Sceneryobjects\Generic\people_standing_small.sco
1186492558
1186492558
-1
Sceneryobjects\Generic\routearrows_busstop.sco
1186492513
1186492513
-1
Sceneryobjects\Gonzales\Stanica pecurka.sco
1201322757
1201322757
-1
Sceneryobjects\Gonzales\Stanica.sco
1201322762
1201322762
-1
Sceneryobjects\grass\gr_10m.sco
1192277140
1192277140
-1
Sceneryobjects\Kostelec_T18\ploty_zidky\Plot_3_A.sco
1291150063
1291150063
-1
Sceneryobjects\Kostelec_T18\ploty_zidky\Plot_3_B.sco
1291150063
1291150063
-1
Sceneryobjects\Kostelec_T18\ploty_zidky\Plot_6_A.sco
1291150063
1291150063
-1
Sceneryobjects\Kostelec_T18\ploty_zidky\Plot_6_D.sco
1291150063
1291150063
-1
Sceneryobjects\Kostelec_T18\ploty_zidky\plot_7_A.sco
1291150063
1291150063
-1
Sceneryobjects\Kostelec_T18\ploty_zidky\Plot_7_C.sco
1291150063
1291150063
-1
Sceneryobjects\Kostelec_T18\ploty_zidky\Plot_8_B.sco
1291150063
1291150063
-1
Sceneryobjects\Kostelec_T18\ploty_zidky\Plot_9_A.sco
1291150063
1291150063
-1
Sceneryobjects\Ruede\forest_backdrop01.sco
1186492516
1186492516
-1
Sceneryobjects\Trees_MC\shrubbery_04_10.sco
1133251450
1133251450
-1
Sceneryobjects\Trees_MC\shrubbery_04_20.sco
1133251411
1133251411
-1
Sceneryobjects\Trees_MC\tree_large_04.sco
1133251468
1133251468
-1
Sceneryobjects\Trees_MC\tree_medium_02.sco
1133251407
1133251407
-1
Sceneryobjects\Trees_MC\tree_medium_04.sco
1133251407
1133251407
-1
Sceneryobjects\Trees_MC\tree_medium_05.sco
1133251468
1133251468
-1
Sceneryobjects\Trees_MC\tree_medium_06.sco
1133251491
1133251491
-1
Sceneryobjects\UL\domek24.sco
1083859213
1083859213
-1
Sceneryobjects\UL\domek3.sco
1083858960
1083858960
-1
Sceneryobjects\UL\domek5.sco
1083859027
1083859027
-1
Sceneryobjects\UL\domek6.sco
1083859044
1083859044
-1
Sceneryobjects\UL\domek9.sco
1083859063
1083859063
-1
Splines\M96\Belgrade-Potez300\Test_skrzyzowania\Asfalt_4m.sli
1080982854
-
-
Splines\M96\Potez300\7,5-bez-linija-ai-trava-fill-dole2.sli
1264032086
-
-
Splines\M96\Potez300\7,5-desni-trotoar-bez-linija - 6m.sli
1284671896
-
-
Splines\M96\Potez300\Asfalt_4m-svetli.sli
1281594198
-
-
Splines\M96\Potez300\Asfalt_4m-svetli2.sli
1283101724
-
-
Splines\M96\Potez300\blato-5m.sli
1283101449
-
-
Splines\M96\Potez300\Special\trava_uzbrdica_5m_uvis-1m.sli
1258186562
-
-
