Sceneryobjects\AFG_Others\sign_bus_zast.sco
1082683427
1082683427
-1
Sceneryobjects\Generic\bus_stop.sco
1186492451
1186492451
-1
Sceneryobjects\Generic\people_standing_small.sco
1186492558
1186492558
-1
Sceneryobjects\Gonzales\Stanica.sco
1201322762
1201322762
-1
Sceneryobjects\M96\Potez300\buildings_rue_mod\Haus02c2.sco
1133251399
1133251399
-1
Sceneryobjects\M96\Trava\breg-pored-puta-2-fill.sco
1347526682
1347526682
-1
Sceneryobjects\Ruede\forest_backdrop01.sco
1186492516
1186492516
-1
Sceneryobjects\Steven Objecten\SK_Huis_28.sco
1096981880
1096981880
-1
Sceneryobjects\Streetobjects_RUE\DDR_1xBG_S_Beton_cable.sco
1186492800
1186492800
-1
Sceneryobjects\Streetobjects_RUE\DDR_Pole_Beton_cable.sco
1186492614
1186492614
-1
Sceneryobjects\Trees_MC\shrubbery_01_20.sco
1133251405
1133251405
-1
Sceneryobjects\Trees_MC\shrubbery_03_10.sco
1133251481
1133251481
-1
Sceneryobjects\Trees_MC\shrubbery_03_20.sco
1133251479
1133251479
-1
Sceneryobjects\Trees_MC\shrubbery_03_20_mod.sco
1155355312
1155355312
-1
Sceneryobjects\Trees_MC\shrubbery_04_10.sco
1133251450
1133251450
-1
Sceneryobjects\Trees_MC\shrubbery_04_20.sco
1133251411
1133251411
-1
Sceneryobjects\Trees_MC\tree_large_01.sco
1133251457
1133251457
-1
Sceneryobjects\Trees_MC\tree_large_02.sco
1133251407
1133251407
-1
Sceneryobjects\Trees_MC\tree_large_04.sco
1133251468
1133251468
-1
Sceneryobjects\Trees_MC\tree_large_06.sco
1133251415
1133251415
-1
Sceneryobjects\Trees_MC\tree_medium_02.sco
1133251407
1133251407
-1
Sceneryobjects\Trees_MC\tree_medium_06.sco
1133251491
1133251491
-1
Sceneryobjects\Trees_MC\tree_medium_07.sco
1133251415
1133251415
-1
Splines\M96\Potez300\RQ_9,5_2spur_6,5m.sli
1317112119
-
-
Splines\M96\Potez300\RQ_9,5_2spur_6,5m-bez-linija-sa-strane.sli
1268162601
-
-
Splines\M96\Potez300\stajaliste-vikendice-ka-begaljici.sli
1288277378
-
-
Splines\M96\Potez300\stajaliste-vikendice-ka-ustanickoj.sli
1288277401
-
-
Splines\M96\Potez300\trava-4m.sli
1281593532
-
-
Splines\M96\Potez300\zemljani-put-4m.sli
1279891066
-
-
Splines\Ruede\Kabel_holzmast_6m.sli
1196582459
-
-
Splines\Szczecin\kraweznik-trawa-nor.sli
1132987912
-
-
