Sceneryobjects\M96\Potez300\ograde\zicana-1.sco
1282315995
1282315995
-1
Sceneryobjects\Ruede\forest_backdrop01.sco
1186494564
1186494564
-1
Sceneryobjects\Streetobjects_RUE\DDR_Pole_Beton_cable.sco
1133249363
1133249363
-1
Sceneryobjects\Trees_MC\shrubbery_04_10.sco
1149917594
1149917594
-1
Sceneryobjects\Trees_MC\shrubbery_04_20.sco
1149917595
1149917595
-1
Sceneryobjects\Trees_MC\shrubbery_04_20_mod.sco
1155353276
1155353276
-1
Sceneryobjects\Trees_MC\tree_large_02.sco
1133249359
1133249359
-1
Sceneryobjects\Trees_MC\tree_large_04.sco
1133249420
1133249420
-1
Sceneryobjects\Trees_MC\tree_medium_02.sco
1133249359
1133249359
-1
Sceneryobjects\Trees_MC\tree_medium_03.sco
1133249403
1133249403
-1
Sceneryobjects\Trees_MC\tree_medium_04.sco
1133249359
1133249359
-1
Sceneryobjects\Trees_MC\tree_medium_06.sco
1133249443
1133249443
-1
Sceneryobjects\Trees_MC\tree_medium_09.sco
1133249443
1133249443
-1
Splines\M96\invis_street.sli
1181615161
-
-
Splines\M96\Potez300\9-5-puna-linija-sa-bocnim.sli
1290113076
-
-
Splines\M96\Potez300\ka-bolecu-9-5-bez-bocnih-linija4.sli
1291101289
-
-
Splines\M96\Potez300\samo-breg-kod-pkb-c.sli
1290836135
-
-
Splines\Ruede\Kabel_holzmast_6m.sli
1196580411
-
-
Splines\Test_skrzyzowania\Asfalt_4m.sli
1080978758
-
-
Splines\Yufa\25cm_N_line.sli
1115846690
-
-
