Sceneryobjects\Buildings_MC\Box01.sco
1259517163
1259517163
-1
Sceneryobjects\Buildings_MC\bw_med_02.sco
1259517152
1259517152
-1
Sceneryobjects\Buildings_MC\muro_10m.sco
1046969133
1046969133
-1
Sceneryobjects\Generic\car_park.sco
1259517115
1259517115
-1
Sceneryobjects\Kostelec_T18\ploty_zidky\Plot_3_A.sco
1246521168
1246521168
-1
Sceneryobjects\Kostelec_T18\ploty_zidky\Plot_7_C.sco
1246521427
1246521427
-1
Sceneryobjects\Kostelec_T18\ploty_zidky\Plot_9_A.sco
1246521455
1246521455
-1
Sceneryobjects\Kostelec_T18\Vesnice\Bras_dum172.sco
1246521627
1246521627
-1
Sceneryobjects\Kostelec_T18\Vesnice\Bras_dum173.sco
1246521637
1246521637
-1
Sceneryobjects\Kostelec_T18\Vesnice\Kys_dum100.sco
1246521673
1246521673
-1
Sceneryobjects\Kostelec_T18\Vesnice\PletU_dum111.sco
1246521787
1246521787
-1
Sceneryobjects\M96\Potez300\buildings_rue_mod\Haus02c2.sco
1133249351
1133249351
-1
Sceneryobjects\M96\Potez300\buildings_rue_mod\Haus02d.sco
1133249417
1133249417
-1
Sceneryobjects\M96\Potez300\buildings_rue_mod\Haus03f.sco
1133249354
1133249354
-1
Sceneryobjects\M96\Potez300\grocka\gromes.sco
1280815959
1280815959
-1
Sceneryobjects\M96\Potez300\prodavnice-grocka\zgrada_prod_1.sco
1256752334
1256752334
-1
Sceneryobjects\Objects_SN\Zaun_5m_01.sco
1050762265
1050762265
-1
Sceneryobjects\Objects_SN\Zaun_5m_03.sco
1050761703
1050761703
-1
Sceneryobjects\Ruede\forest_backdrop01.sco
1259517107
1259517107
-1
Sceneryobjects\Streetobjects_RUE\sodiumlight_L_break_L.sco
1259517181
1259517181
-1
Sceneryobjects\Trees_MC\tree_large_02.sco
1259517110
1259517110
-1
Sceneryobjects\Trees_MC\tree_medium_02.sco
1259517110
1259517110
-1
Sceneryobjects\Trees_MC\tree_medium_04.sco
1259517186
1259517186
-1
Sceneryobjects\Trees_MC\tree_medium_07.sco
1259517165
1259517165
-1
Splines\ADDON_SimpleStreets\RQ_7,5_2spur_5,5m_Sidewalk.sli
1047218952
-
-
Splines\BS_ADDON_CreativeStreets\Mauern\BS_Mauern_Mauer04_M_020m.sli
1179623872
-
-
Splines\DolniKounice\PS_kraweznik-trawa-nor.sli
1066570159
-
-
Splines\M96\Gonzales-Potez300\m96-9,5-desni_trotoar_bez_linije-ivicnjak1+5m1.sli
1284013623
-
-
Splines\M96\Gonzales-Potez300\m96-9,5-desni_trotoar-isprekidana-linija-ivicnjak1.sli
1283822247
-
-
Splines\M96\Potez300\Asfalt_8m-svetli.sli
1283035856
-
-
Splines\M96\Potez300\Chodnik_kraweznik_1,5m.sli
1080527314
-
-
Splines\M96\Potez300\RQ_7,5_2spur_5,5m_Sidewalk.sli
1047218953
-
-
Splines\M96\Potez300\Special\Asfalt_4m-svetli.sli
1281592150
-
-
Splines\M96\Potez300\Special\Asfalt_7m-svetli.sli
1281592064
-
-
Splines\Terrain Spline\Terrain Spline_Other textures\Terrain-Spline_Origin_Betonplatten\20mTerrain_Spline_Origin_Betonplatten.sli
1157970318
-
-
Splines\Terrain Spline\Terrain Spline_Other textures\Terrain-Spline_Origin_Betonplatten\8mTerrain_Spline_Origin_Betonplatten.sli
1157970312
-
-
Splines\Test_skrzyzowania\Asfalt_5m.sli
1080978359
-
-
Splines\Test_skrzyzowania\Chodnik_1,5m.sli
1080718087
-
-
Splines\Test_skrzyzowania\Chodnik_3m.sli
1080718104
-
-
