Sceneryobjects\Azzoni94\Kuca 2\kuca.sco
1178406205
1178406205
-1
Sceneryobjects\Buildings_MC\bw_supermarkt_1.sco
1323588519
1323588519
-1
Sceneryobjects\Generic\bus_stop.sco
1186492451
1186492451
-1
Sceneryobjects\Generic\people_standing_small.sco
1186492558
1186492558
-1
Sceneryobjects\Generic\routearrows_busstop.sco
1186492513
1186492513
-1
Sceneryobjects\Gonzales\Stanica pecurka.sco
1201322757
1201322757
-1
Sceneryobjects\Gonzales\Stanica.sco
1201322762
1201322762
-1
Sceneryobjects\Kostelec_T18\ploty_zidky\Plot_9_A.sco
1291150063
1291150063
-1
Sceneryobjects\M96\Potez300\buildings_rue_mod\Haus02c2.sco
1133251399
1133251399
-1
Sceneryobjects\M96\Potez300\ograde\zicana-1.sco
1282318043
1282318043
-1
Sceneryobjects\M96\Potez300\zid\zid-10m-v2.sco
1282974293
1282974293
-1
Sceneryobjects\Ruede\forest_backdrop01.sco
1186492516
1186492516
-1
Sceneryobjects\Streetobjects_RUE\DDR_Pole_Beton_cable.sco
1186492614
1186492614
-1
Sceneryobjects\Streetobjects_RUE\neonlight_S_wood.sco
1186492812
1186492812
-1
Sceneryobjects\Trees_MC\shrubbery_01_20.sco
1133251405
1133251405
-1
Sceneryobjects\Trees_MC\shrubbery_03_20.sco
1133251479
1133251479
-1
Sceneryobjects\Trees_MC\shrubbery_03_20_mod.sco
1155355312
1155355312
-1
Sceneryobjects\Trees_MC\shrubbery_04_20_mod.sco
1155355324
1155355324
-1
Sceneryobjects\Trees_MC\tree_large_04.sco
1133251468
1133251468
-1
Sceneryobjects\Trees_MC\tree_medium_02.sco
1133251407
1133251407
-1
Sceneryobjects\Trees_MC\tree_medium_04.sco
1133251407
1133251407
-1
Sceneryobjects\Trees_MC\tree_medium_06.sco
1133251491
1133251491
-1
Sceneryobjects\Trees_MC\tree_medium_07.sco
1133251415
1133251415
-1
Sceneryobjects\Trees_MC\Tree_Small_02.sco
1133251407
1133251407
-1
Sceneryobjects\Trees_MC\Tree_Small_04.sco
1133251413
1133251413
-1
Sceneryobjects\UL\zastavka_1.sco
1085827509
1085827509
-1
Splines\M96\Potez300\Asfalt_4m-svetli.sli
1281594198
-
-
Splines\M96\Potez300\RQ_9,5_2spur_6,5m.sli
1317112119
-
-
Splines\M96\Potez300\RQ_9,5_2spur_6,5m-bez-linija-sa-strane.sli
1268162601
-
-
Splines\M96\Potez300\Special\kanal-brdo-1.sli
1286305446
-
-
Splines\M96\Potez300\zemljani-put-4m.sli
1279891066
-
-
Splines\Ruede\Kabel_holzmast_6m.sli
1196582459
-
-
Splines\Test_skrzyzowania\Asfalt_20m.sli
1080980993
-
-
