Sceneryobjects\Buildings_DDR_RUE\DDR_ConcreteBarracks45-2.sco
1133251395
1133251395
-1
Sceneryobjects\Buildings_MC\bw_workshop_01.sco
1323588538
1323588538
-1
Sceneryobjects\Generic\car_park.sco
1186492418
1186492418
-1
Sceneryobjects\silo_lukrom\silo_lukrom.sco
1217504557
1217504557
-1
Sceneryobjects\Trees_MC\shrubbery_01_10_nocollision.sco
1077120331
1077120331
-1
Sceneryobjects\Trees_MC\shrubbery_04_20.sco
1133251411
1133251411
-1
Sceneryobjects\Trees_MC\tree_medium_01.sco
1133251413
1133251413
-1
Sceneryobjects\Trees_MC\tree_medium_04.sco
1133251407
1133251407
-1
Sceneryobjects\Trees_MC\tree_medium_08.sco
1133251407
1133251407
-1
Splines\BS_ADDON_CreativeStreets\Sonstiges\BS_Sonstiges_BordsteinSchraeg_M.sli
1179100485
-
-
Splines\M96\Belgrade-Potez300\Test_skrzyzowania\Asfalt_7m.sli
1080982763
-
-
Splines\M96\Belgrade-Potez300\Test_skrzyzowania\Bruk_6m.sli
1091271644
-
-
Splines\M96\invis_street.sli
1181617209
-
-
Splines\M96\Potez300\9,5_isprekidana_linija-bez-bocnih.sli
1260028244
-
-
Splines\M96\Potez300\RQ_9,5_2spur_6,5m_Desni-Sidewalk-puna-linija.sli
1323081124
-
-
Splines\M96\Potez300\RQ_9,5_2spur_6,5m_Levi-Sidewalk.sli
1322287610
-
-
Splines\M96\Potez300\RQ_9,5_2spur_6,5m_Levi-Trotoar.sli
1326352067
-
-
Splines\M96\Potez300\RQ_9,5_2spur_6,5m_Sidewalk - bocne-linije.sli
1292141623
-
-
Splines\M96\Test_skrzyzowania\Asfalt_10m.sli
1080980796
-
-
