Sceneryobjects\Azzoni94\Kuca 2\kuca.sco
1178406205
1178406205
-1
Sceneryobjects\Azzoni94\Kuca 3\kuca.sco
1178406646
1178406646
-1
Sceneryobjects\Azzoni94\Kuca 5\kuca.sco
1178407108
1178407108
-1
Sceneryobjects\Buildings_MC\bw_med_01.sco
1323588518
1323588518
-1
Sceneryobjects\Buildings_MC\bw_med_02.sco
1323588546
1323588546
-1
Sceneryobjects\Buildings_MC\garage_1_single.sco
1323588538
1323588538
-1
Sceneryobjects\D016_znacky\InfJine\IJ4c-Zast_BUS.sco
1119237243
1119237243
-1
Sceneryobjects\ETS_converts\palette02.sco
1291150061
1291150061
-1
Sceneryobjects\Generic\bus_stop.sco
1186492451
1186492451
-1
Sceneryobjects\Generic\car_park.sco
1186492418
1186492418
-1
Sceneryobjects\Generic\people_standing_small.sco
1186492558
1186492558
-1
Sceneryobjects\Gonzales\Stanica.sco
1201322762
1201322762
-1
Sceneryobjects\Kostelec_T18\ploty_zidky\Zidka_1_A.sco
1291150063
1291150063
-1
Sceneryobjects\M96\Potez300\buildings_rue_mod\Haus02d.sco
1133251465
1133251465
-1
Sceneryobjects\M96\Potez300\buildings_rue_mod\Haus03f.sco
1133251402
1133251402
-1
Sceneryobjects\M96\Potez300\razno\PrilazKuci\Beton\PrilazKuci.sco
1289453024
1289453024
-1
Sceneryobjects\M96\Potez300\razno\PrilazKuci\PrilazKuci.sco
1163310705
1163310705
-1
Sceneryobjects\M96\Potez300\znakovi\stubovi-mod\sloupek.sco
1334880419
1334880419
-1
Sceneryobjects\Objects_SN\Zaun_5m_01.sco
1291150073
1291150073
-1
Sceneryobjects\Objects_SN\Zaun_5m_03.sco
1291150073
1291150073
-1
Sceneryobjects\Ruede\forest_backdrop01.sco
1186492516
1186492516
-1
Sceneryobjects\Streetobjects_RUE\neonlight_L_bend_L.sco
1186492615
1186492615
-1
Sceneryobjects\Streetobjects_RUE\sodiumlight_L_break_L.sco
1186492692
1186492692
-1
Sceneryobjects\Trees_MC\shrubbery_04_10.sco
1133251450
1133251450
-1
Sceneryobjects\Trees_MC\tree_medium_02.sco
1133251407
1133251407
-1
Sceneryobjects\Trees_MC\tree_medium_07.sco
1133251415
1133251415
-1
Sceneryobjects\Trees_MC\tree_medium_09.sco
1133251491
1133251491
-1
Sceneryobjects\VKL´s Objekte\Zaun1.sco
1113367093
1113367093
-1
Splines\BS_ADDON_CreativeStreets\Gehwege\BS_Gehweg_Asphalt01_ME_02m .sli
1178239180
-
-
Splines\BS_ADDON_CreativeStreets\Natur\BS_Natur_Hecke01_L.sli
1179023744
-
-
Splines\BS_ADDON_CreativeStreets\Natur\BS_Natur_Hecke02_L.sli
1179023764
-
-
Splines\BS_ADDON_CreativeStreets\Randstreifen\BS_Randstreifen_Gras06_Damm_MD_M.sli
1179099623
-
-
Splines\M96\Belgrade-Potez300\Test_skrzyzowania\Asfalt_5m.sli
1080982455
-
-
Splines\M96\Potez300\9,5_puna_linija_bez_bocnih - stajaliste.sli
1298640499
-
-
Splines\M96\Potez300\9,5_puna_linija_bez_bocnih.sli
1322287823
-
-
Splines\M96\Potez300\Asfalt_10m-svetli2.sli
1283039016
-
-
Splines\M96\Potez300\Asfalt_15m-svetli2.sli
1283039309
-
-
Splines\M96\Potez300\Asfalt_7m-svetli.sli
1281594112
-
-
Splines\M96\Potez300\Asfalt_7m-svetli2.sli
1282846038
-
-
Splines\Terrain Spline\Terrain Spline_Other textures\Terrain-Spline_Origin_Betonplatten\4mTerrain_Spline_Origin_Betonplatten.sli
1157972358
-
-
Splines\Test_skrzyzowania\Asfalt_3m.sli
1080980309
-
-
