Sceneryobjects\Buildings_MC\bw_ladengeschaeft_02.sco
1323588560
1323588560
-1
Sceneryobjects\Buildings_MC\bw_med_01.sco
1323588518
1323588518
-1
Sceneryobjects\Buildings_MC\bw_workshop_01.sco
1323588538
1323588538
-1
Sceneryobjects\Buildings_MC\wohn_smrow_01.sco
1323588662
1323588662
-1
Sceneryobjects\ETS_converts\trailer05.sco
1291150062
1291150062
-1
Sceneryobjects\Generic\entrypoint_bus.sco
1186492418
1186492418
-1
Sceneryobjects\M96\Potez300\bolec\poljoapoteka\poljoapoteka - Copy.sco
1321113095
1321113095
-1
Sceneryobjects\M96\Potez300\ograde\betonska-1v2.sco
1285188195
1285188195
-1
Sceneryobjects\M96\Potez300\zid\zid-10m-v1.sco
1282974297
1282974297
-1
Sceneryobjects\M96\Potez300\zid\zid-10m-v2.sco
1282974293
1282974293
-1
Sceneryobjects\O.L.K. Orlen\tank_2.sco
1109919366
1109919366
-1
Sceneryobjects\Ruede\forest_backdrop01.sco
1186492516
1186492516
-1
Sceneryobjects\Streetobjects_RUE\neonlight_L_bend_L.sco
1186492615
1186492615
-1
Sceneryobjects\Trees_MC\fir_medium_03.sco
1133251410
1133251410
-1
Sceneryobjects\Trees_MC\shrubbery_03_20.sco
1133251479
1133251479
-1
Sceneryobjects\Trees_MC\shrubbery_04_20_mod.sco
1155355324
1155355324
-1
Sceneryobjects\Trees_MC\tree_large_04.sco
1133251468
1133251468
-1
Sceneryobjects\Trees_MC\tree_medium_03.sco
1133251451
1133251451
-1
Sceneryobjects\Trees_MC\tree_medium_04.sco
1133251407
1133251407
-1
Sceneryobjects\Trees_MC\tree_medium_06.sco
1133251491
1133251491
-1
Sceneryobjects\Trees_MC\tree_medium_08.sco
1133251407
1133251407
-1
Sceneryobjects\UL\domek20.sco
1083859153
1083859153
-1
Sceneryobjects\UL\domek3.sco
1083858960
1083858960
-1
Sceneryobjects\UL\domek6.sco
1083859044
1083859044
-1
Sceneryobjects\Walbrzych\Budynek_fabryki_1.sco
1147604705
1147604705
-1
Splines\M96\Belgrade-Potez300\Test_skrzyzowania\Kraweznik_0,2m - crveno-beli-temp.sli
1320129921
-
-
Splines\M96\Potez300\9,5_isprekidana_linija-bez-bocnih.sli
1260028244
-
-
Splines\M96\Potez300\Asfalt_10m-svetli2.sli
1283039016
-
-
Splines\M96\Potez300\Asfalt_4m-svetli.sli
1281594198
-
-
Splines\M96\Potez300\Asfalt_4m-svetli2.sli
1283101724
-
-
Splines\M96\Potez300\Asfalt_7m-svetli2.sli
1282846038
-
-
Splines\M96\Potez300\trava-1m.sli
1281593496
-
-
Splines\M96\Potez300\trava-4m.sli
1281593532
-
-
