Sceneryobjects\M96\Potez300\buildings_rue_mod\Haus02c2.sco
1133251399
1133251399
-1
Sceneryobjects\M96\Potez300\ograde\zicana-1.sco
1282318043
1282318043
-1
Sceneryobjects\M96\Trava\breg-pored-puta-2.sco
1347464547
1347464547
-1
Sceneryobjects\M96\Trava\breg-pored-puta-2-fill.sco
1347526682
1347526682
-1
Sceneryobjects\M96\Trava\breg-pored-puta-2-obe-strane.sco
1347527268
1347527268
-1
Sceneryobjects\Ruede\forest_backdrop01.sco
1186492516
1186492516
-1
Sceneryobjects\Streetobjects_RUE\DDR_1xBG_S_Beton_cable.sco
1186492800
1186492800
-1
Sceneryobjects\Streetobjects_RUE\DDR_Pole_Beton_cable.sco
1186492614
1186492614
-1
Sceneryobjects\Streetobjects_RUE\neonlight_S_wood.sco
1186492812
1186492812
-1
Sceneryobjects\Trees_MC\shrubbery_01_20.sco
1133251405
1133251405
-1
Sceneryobjects\Trees_MC\shrubbery_03_10.sco
1133251481
1133251481
-1
Sceneryobjects\Trees_MC\shrubbery_03_20.sco
1133251479
1133251479
-1
Sceneryobjects\Trees_MC\shrubbery_03_20_mod.sco
1155355312
1155355312
-1
Sceneryobjects\Trees_MC\shrubbery_04_20_mod.sco
1155355324
1155355324
-1
Sceneryobjects\Trees_MC\tree_large_04.sco
1133251468
1133251468
-1
Sceneryobjects\Trees_MC\tree_large_06.sco
1133251415
1133251415
-1
Sceneryobjects\Trees_MC\tree_medium_02.sco
1133251407
1133251407
-1
Sceneryobjects\Trees_MC\tree_medium_04.sco
1133251407
1133251407
-1
Sceneryobjects\Trees_MC\tree_medium_06.sco
1133251491
1133251491
-1
Sceneryobjects\Trees_MC\tree_medium_07.sco
1133251415
1133251415
-1
Sceneryobjects\Trees_MC\tree_medium_09.sco
1133251491
1133251491
-1
Sceneryobjects\Trees_MC\Tree_Small_03.sco
1133251467
1133251467
-1
Splines\M96\Potez300\9,5_puna_linija_bez_bocnih.sli
1322287823
-
-
Splines\M96\Potez300\Asfalt_4m-svetli.sli
1281594198
-
-
Splines\M96\Potez300\put-trava-obe-strane-dole-beton-prilaz4.sli
1284550456
-
-
Splines\M96\Potez300\RQ_9,5_2spur_6,5m.sli
1317112119
-
-
Splines\M96\Potez300\RQ_9,5_2spur_6,5m-bez-linija-sa-strane.sli
1268162601
-
-
Splines\Ruede\Kabel_holzmast_6m.sli
1196582459
-
-
