Sceneryobjects\AFG_Others\sign_bus_zast.sco
1082683427
1082683427
-1
Sceneryobjects\M96\Potez300\bilbordi\awk00.sco
1290113574
1290113574
-1
Sceneryobjects\M96\Potez300\bilbordi\v-georgijev-grocka\awk00.sco
1290113569
1290113569
-1
Sceneryobjects\M96\Potez300\ograde\zicana-1.sco
1282318043
1282318043
-1
Sceneryobjects\M96\Trava\breg-pored-puta-2.sco
1347464547
1347464547
-1
Sceneryobjects\Ruede\forest_backdrop01.sco
1186492516
1186492516
-1
Sceneryobjects\Streetobjects_RUE\DDR_Pole_Beton_cable.sco
1186492614
1186492614
-1
Sceneryobjects\Trees_MC\shrubbery_01_20.sco
1133251405
1133251405
-1
Sceneryobjects\Trees_MC\shrubbery_03_20.sco
1133251479
1133251479
-1
Sceneryobjects\Trees_MC\shrubbery_03_20_mod.sco
1155355312
1155355312
-1
Sceneryobjects\Trees_MC\shrubbery_04_20_mod.sco
1155355324
1155355324
-1
Sceneryobjects\Trees_MC\tree_large_04.sco
1133251468
1133251468
-1
Sceneryobjects\Trees_MC\tree_medium_02.sco
1133251407
1133251407
-1
Sceneryobjects\Trees_MC\tree_medium_04.sco
1133251407
1133251407
-1
Sceneryobjects\Trees_MC\tree_medium_06.sco
1133251491
1133251491
-1
Splines\M96\Potez300\RQ_9,5_2spur_6,5m.sli
1317112119
-
-
Splines\Ruede\Kabel_holzmast_6m.sli
1196582459
-
-
