Sceneryobjects\Buildings_MC\bw_workshop_01.sco
1186494194
1186494194
-1
Sceneryobjects\Kostelec_T18\ploty_zidky\plot_7_A.sco
1183225084
1183225084
-1
Sceneryobjects\M96\Potez300\ograde\zicana-1.sco
1282315995
1282315995
-1
Sceneryobjects\mmiki26\dom 2\dmk2.sco
1120513420
1120513420
-1
Sceneryobjects\mmiki26\dom 3\dmk3.sco
1120635111
1120635111
-1
Sceneryobjects\Oberpfalz 3D\Krummenaab2\HouseNew6.sco
1211151043
1211151043
-1
Sceneryobjects\Ruede\forest_backdrop01.sco
1186494564
1186494564
-1
Sceneryobjects\Trees_MC\shrubbery_01_20.sco
1149917586
1149917586
-1
Sceneryobjects\Trees_MC\shrubbery_03_20.sco
1149917591
1149917591
-1
Sceneryobjects\Trees_MC\shrubbery_04_10.sco
1149917594
1149917594
-1
Sceneryobjects\Trees_MC\shrubbery_04_20.sco
1149917595
1149917595
-1
Sceneryobjects\Trees_MC\shrubbery_04_20_mod.sco
1155353276
1155353276
-1
Sceneryobjects\Trees_MC\tree_large_04.sco
1133249420
1133249420
-1
Sceneryobjects\Trees_MC\tree_medium_04.sco
1133249359
1133249359
-1
Sceneryobjects\Trees_MC\tree_medium_06.sco
1133249443
1133249443
-1
Sceneryobjects\Trees_MC\tree_medium_09.sco
1133249443
1133249443
-1
Splines\M96\Potez300\9,5_isprekidana_linija-bez-bocnih.sli
1260026196
-
-
Splines\M96\Potez300\Asfalt_4m-svetli2.sli
1283099676
-
-
Splines\M96\Potez300\Asfalt_7m-svetli2.sli
1282843990
-
-
Splines\M96\Potez300\ka-bolecu-9-5-bez-bocnih-linija4 - bez-levog-pada-temp.sli
1299090920
-
-
Splines\M96\Potez300\ka-bolecu-9-5-bez-bocnih-linija4.sli
1291101289
-
-
Splines\M96\Potez300\zemljani-put-4m.sli
1279889018
-
-
