Sceneryobjects\ADDON_PLSigns\d6.sco
1064373043
1064373043
-1
Sceneryobjects\ADDON_PLSigns\slup00.sco
1085303923
1085303923
-1
Sceneryobjects\Azzoni94\Kuca 3\kuca.sco
1178406646
1178406646
-1
Sceneryobjects\Azzoni94\Kuca 7\kuca.sco
1178761572
1178761572
-1
Sceneryobjects\Buildings_DDR_RUE\DDR_Barn_03.sco
1133251394
1133251394
-1
Sceneryobjects\Buildings_DDR_RUE\DDR_House_s_05.sco
1133251394
1133251394
-1
Sceneryobjects\Buildings_MC\bw_med_01.sco
1323588518
1323588518
-1
Sceneryobjects\Buildings_MC\bw_workshop_01.sco
1323588538
1323588538
-1
Sceneryobjects\Generic\bus_stop.sco
1186492451
1186492451
-1
Sceneryobjects\Generic\people_standing_small.sco
1186492558
1186492558
-1
Sceneryobjects\Generic\routearrows_busstop.sco
1186492513
1186492513
-1
Sceneryobjects\Gonzales\Stanica.sco
1201322762
1201322762
-1
Sceneryobjects\grass\gr_10m.sco
1192277140
1192277140
-1
Sceneryobjects\Kostelec_T18\ploty_zidky\Plot_3_A.sco
1291150063
1291150063
-1
Sceneryobjects\Kostelec_T18\ploty_zidky\Plot_3_B.sco
1291150063
1291150063
-1
Sceneryobjects\Kostelec_T18\ploty_zidky\Plot_4_A.sco
1291150063
1291150063
-1
Sceneryobjects\Kostelec_T18\ploty_zidky\Plot_6_D.sco
1291150063
1291150063
-1
Sceneryobjects\Kostelec_T18\ploty_zidky\plot_7_A.sco
1291150063
1291150063
-1
Sceneryobjects\Kostelec_T18\ploty_zidky\Plot_7_C.sco
1291150063
1291150063
-1
Sceneryobjects\Kostelec_T18\ploty_zidky\Plot_9_A.sco
1291150063
1291150063
-1
Sceneryobjects\Kostelec_T18\ploty_zidky\Zidka_2_A.sco
1291150063
1291150063
-1
Sceneryobjects\Trees_MC\shrubbery_01_10.sco
1133251410
1133251410
-1
Sceneryobjects\Trees_MC\shrubbery_01_20.sco
1133251405
1133251405
-1
Sceneryobjects\Trees_MC\shrubbery_03_20.sco
1133251479
1133251479
-1
Sceneryobjects\Trees_MC\shrubbery_04_10.sco
1133251450
1133251450
-1
Sceneryobjects\Trees_MC\shrubbery_04_20.sco
1133251411
1133251411
-1
Sceneryobjects\Trees_MC\tree_medium_02.sco
1133251407
1133251407
-1
Sceneryobjects\Trees_MC\tree_medium_04.sco
1133251407
1133251407
-1
Sceneryobjects\Trees_MC\tree_medium_06.sco
1133251491
1133251491
-1
Sceneryobjects\Trees_MC\tree_medium_07.sco
1133251415
1133251415
-1
Sceneryobjects\Trees_MC\tree_medium_08.sco
1133251407
1133251407
-1
Sceneryobjects\UL\domek5.sco
1083859027
1083859027
-1
Sceneryobjects\UL\domek6.sco
1083859044
1083859044
-1
Sceneryobjects\UL\domek9.sco
1083859063
1083859063
-1
Splines\M96\Belgrade-Potez300\Test_skrzyzowania\Asfalt_4m.sli
1080982854
-
-
Splines\M96\Potez300\7,5-bez-linija-ai-trava-fill-dole2.sli
1264032086
-
-
Splines\M96\Potez300\Asfalt_10m-svetli2.sli
1283039016
-
-
Splines\M96\Potez300\Asfalt_4m-svetli.sli
1281594198
-
-
Splines\M96\Potez300\Asfalt_4m-svetli2.sli
1283101724
-
-
Splines\M96\Potez300\Chodnik_kraweznik_3m.sli
1080529750
-
-
Splines\M96\Potez300\Special\Asfalt_4m-svetli.sli
1281594198
-
-
