Sceneryobjects\ADDON_SimpleStreets\RQ_7,5_to_9,5.sco
1047945705
1047945705
-1
Sceneryobjects\AFG_Converts\automat_cola.sco
1114214188
1114214188
-1
Sceneryobjects\Amfitrion\Kiosk_RUCH.sco
1080341554
1080341554
-1
Sceneryobjects\Azzoni94\Kuca 5\kuca.sco
1178405060
1178405060
-1
Sceneryobjects\Buildings_MC\bw_med_01.sco
1259517098
1259517098
-1
Sceneryobjects\Buildings_MC\bw_med_02.sco
1259517152
1259517152
-1
Sceneryobjects\Buildings_MC\bw_rowold_sm_06.sco
1259517165
1259517165
-1
Sceneryobjects\Buildings_MC\bw_workshop_01.sco
1259517149
1259517149
-1
Sceneryobjects\Buildings_MC\kirche_ev_stnikolai.sco
1259517098
1259517098
-1
Sceneryobjects\Buildings_MC\wohn_smrow_01.sco
1259517170
1259517170
-1
Sceneryobjects\ETS_converts\cargomix01.sco
1160278702
1160278702
-1
Sceneryobjects\ETS_converts\trailer04.sco
1160159992
1160159992
-1
Sceneryobjects\Generic\bus_stop.sco
1259517115
1259517115
-1
Sceneryobjects\Generic\car_park.sco
1259517115
1259517115
-1
Sceneryobjects\Generic\entrypoint_bus.sco
1259517115
1259517115
-1
Sceneryobjects\Generic\people_standing_small.sco
1259517103
1259517103
-1
Sceneryobjects\Generic\routearrows_busstop.sco
1259517103
1259517103
-1
Sceneryobjects\Gonzales\Stanica.sco
1201320714
1201320714
-1
Sceneryobjects\Helferlein_Objekte\Masten\Mast3m.sco
1213565542
1213565542
-1
Sceneryobjects\Helferlein_Objekte\Masten\Mast5m.sco
1213565568
1213565568
-1
Sceneryobjects\Kostelec_T18\ploty_zidky\Plot_1_A.sco
1246521127
1246521127
-1
Sceneryobjects\Kostelec_T18\ploty_zidky\Plot_3_A.sco
1246521168
1246521168
-1
Sceneryobjects\Kostelec_T18\ploty_zidky\Plot_7_C.sco
1246521427
1246521427
-1
Sceneryobjects\Kostelec_T18\ploty_zidky\Plot_9_A.sco
1246521455
1246521455
-1
Sceneryobjects\Kostelec_T18\Vesnice\Bras_dum172.sco
1246521627
1246521627
-1
Sceneryobjects\Kostelec_T18\Vesnice\Bras_dum173.sco
1246521637
1246521637
-1
Sceneryobjects\Kostelec_T18\Vesnice\Bras_dum174_242.sco
1246521646
1246521646
-1
Sceneryobjects\Kostelec_T18\Vesnice\Bras_dum9.sco
1246521610
1246521610
-1
Sceneryobjects\Kostelec_T18\Vesnice\Kys_dum100.sco
1246521673
1246521673
-1
Sceneryobjects\Kostelec_T18\Vesnice\PletU_dum104.sco
1246521760
1246521760
-1
Sceneryobjects\Kostelec_T18\Vesnice\PletU_dum105.sco
1246521773
1246521773
-1
Sceneryobjects\Kostelec_T18\Vesnice\PletU_dum11.sco
1246521685
1246521685
-1
Sceneryobjects\Kostelec_T18\Vesnice\PletU_dum119.sco
1246521797
1246521797
-1
Sceneryobjects\Kostelec_T18\Vesnice\PletU_dum32.sco
1246536358
1246536358
-1
Sceneryobjects\Kostelec_T18\Vesnice\Tosk_dum168.sco
1246521889
1246521889
-1
Sceneryobjects\Kostelec_T18\Vesnice\Tosk_dum209.sco
1246521898
1246521898
-1
Sceneryobjects\M96\Potez300\AI_crossings\kod_skole_grocka.sco
1286839044
1286839044
-1
Sceneryobjects\M96\Potez300\buildings_rue_mod\Haus02c2.sco
1133249351
1133249351
-1
Sceneryobjects\M96\Potez300\buildings_rue_mod\Haus02d.sco
1133249417
1133249417
-1
Sceneryobjects\M96\Potez300\buildings_rue_mod\Haus03f.sco
1133249354
1133249354
-1
Sceneryobjects\M96\Potez300\grocka\nis-pumpa.sco
1281010771
1281010771
-1
Sceneryobjects\M96\Potez300\grocka\nis-pumpa-dodatni.sco
1283236264
1283236264
-1
Sceneryobjects\M96\Potez300\grocka\obj1_kod_skole_grocka.sco
1283887926
1283887926
-1
Sceneryobjects\M96\Potez300\grocka\prodavnica-nplus.sco
1282843045
1282843045
-1
Sceneryobjects\M96\Potez300\grocka\strj.sco
1282714328
1282714328
-1
Sceneryobjects\M96\Potez300\grocka\ulaz_crkva.sco
1256033657
1256033657
-1
Sceneryobjects\M96\Potez300\ograde\zardjala-zelena-ograda-mreza\zica.sco
1282385321
1282385321
-1
Sceneryobjects\M96\Potez300\ograde\zelena-ograda-mreza\zica.sco
1282316011
1282316011
-1
Sceneryobjects\M96\Potez300\prodavnice-grocka\trskara\trskara.sco
1259776032
1259776032
-1
Sceneryobjects\M96\Potez300\simple-streets-mod\RQ_9,5_2spur_6,5m_Sidewalk_junct-bez-linija.sco
1263501414
1263501414
-1
Sceneryobjects\M96\Potez300\zid\zid-10m-v2.sco
1282972245
1282972245
-1
Sceneryobjects\Nemolus Objekte\Verkehrszeichen\VZ_Mast_VerbotKFZUeber35.sco
1052199188
1052199188
-1
Sceneryobjects\Objects_SN\Zaun_5m_03.sco
1050761703
1050761703
-1
Sceneryobjects\Objects_SN\Zaun3k.sco
1093251791
1093251791
-1
Sceneryobjects\Ruede\forest_backdrop01.sco
1259517107
1259517107
-1
Sceneryobjects\Ruede\hst_wartehaus_alt01.sco
1259517127
1259517127
-1
Sceneryobjects\Streetobjects_RUE\DDR_1xBG_S_Beton_cable.sco
1259517135
1259517135
-1
Sceneryobjects\Streetobjects_RUE\DDR_Pole_Beton_cable.sco
1259517178
1259517178
-1
Sceneryobjects\Streetobjects_RUE\DDR_RSL1_Green_3m.sco
1259517135
1259517135
-1
Sceneryobjects\Streetobjects_RUE\neonlight_S_break_S.sco
1259517181
1259517181
-1
Sceneryobjects\Streetobjects_RUE\sodiumlight_L_break_L.sco
1259517181
1259517181
-1
Sceneryobjects\Trees_MC\shrubbery_01_10_nocollision.sco
1077118283
1077118283
-1
Sceneryobjects\Trees_MC\shrubbery_03_10.sco
1259517181
1259517181
-1
Sceneryobjects\Trees_MC\shrubbery_04_10.sco
1259517197
1259517197
-1
Sceneryobjects\Trees_MC\tree_avenue_01.sco
1259517186
1259517186
-1
Sceneryobjects\Trees_MC\tree_large_02.sco
1259517110
1259517110
-1
Sceneryobjects\Trees_MC\tree_large_04.sco
1259517189
1259517189
-1
Sceneryobjects\Trees_MC\tree_medium_02.sco
1259517110
1259517110
-1
Sceneryobjects\Trees_MC\tree_medium_04.sco
1259517186
1259517186
-1
Sceneryobjects\Trees_MC\tree_medium_06.sco
1259517186
1259517186
-1
Sceneryobjects\Trees_MC\tree_medium_07.sco
1259517165
1259517165
-1
Sceneryobjects\Trees_MC\tree_medium_09.sco
1259517189
1259517189
-1
Sceneryobjects\Trees_MC\Tree_Small_08.sco
1259517165
1259517165
-1
Sceneryobjects\UL\zed_10m_1.sco
1057191602
1057191602
-1
Sceneryobjects\Verkehrszeichen_MC\Ampel_Kfz_1.sco
1259517110
1259517110
-1
Sceneryobjects\Verkehrszeichen_MC\Ampel_Kfz_OhBlind_1.sco
1259517165
1259517165
-1
Sceneryobjects\Verkehrszeichen_MC\Ampel_Mensch_1.sco
1259517201
1259517201
-1
Sceneryobjects\Verkehrszeichen_MC\Mast_Ampel_klein_1.sco
1259517201
1259517201
-1
Splines\ADDON_SimpleStreets\RQ_7,5_2spur_5,5m_Sidewalk.sli
1047218952
-
-
Splines\ADDON_SimpleStreets\RQ_9,5_2spur_6,5m.sli
1047303189
-
-
Splines\DolniKounice\PS_kraweznik-trawa-nor.sli
1066570159
-
-
Splines\M96\Gonzales-Potez300\m96-9,5-desni_trotoar_bez_linije-ivicnjak1+5m1.sli
1284013623
-
-
Splines\M96\Gonzales-Potez300\m96-kosi ivicnjak 1+trotoar 1c2m.sli
1283821706
-
-
Splines\M96\Gonzales-Potez300\m96-kosi ivicnjak 1+trotoar 1c2m+5m.sli
1284013479
-
-
Splines\M96\Gonzales-Potez300\m96-kosi ivicnjak 1+trotoar-5m2.sli
1283821570
-
-
Splines\M96\Potez300\7,5-bez-linija-trotoar-ai - 6m.sli
1256881825
-
-
Splines\M96\Potez300\7,5-desni-trotoar-bez-linija.sli
1251244955
-
-
Splines\M96\Potez300\7,5-levi-trotoar-bez-linija - 6m - no_ai.sli
1256888930
-
-
Splines\M96\Potez300\7,5-levi-trotoar-bez-linija.sli
1251244910
-
-
Splines\M96\Potez300\9,5_bez_ikakvih_linija.sli
1255963602
-
-
Splines\M96\Potez300\9,5_puna_linija_bez_bocnih.sli
1255963661
-
-
Splines\M96\Potez300\Asfalt_15m-svetli2.sli
1283037261
-
-
Splines\M96\Potez300\Asfalt_4m-svetli.sli
1281592150
-
-
Splines\M96\Potez300\Asfalt_5m-svetli.sli
1283037184
-
-
Splines\M96\Potez300\Asfalt_7m-svetli.sli
1281592064
-
-
Splines\M96\Potez300\Asfalt_7m-svetli2.sli
1282843990
-
-
Splines\M96\Potez300\Bruk_5m_AI.sli
1257539372
-
-
Splines\M96\Potez300\Chodnik_kraweznik_1,2m -mirror.sli
1283816210
-
-
Splines\M96\Potez300\Chodnik_kraweznik_1,2m.sli
1080527361
-
-
Splines\M96\Potez300\Chodnik_kraweznik_1,5m.sli
1080527314
-
-
Splines\M96\Potez300\Chodnik_kraweznik_3m.sli
1080527702
-
-
Splines\M96\Potez300\kod-skole-ivicnjak-trava-v0-35m-s3m.sli
1282570999
-
-
Splines\M96\Potez300\RQ_7,5_2spur_5,5m_Sidewalk.sli
1047218953
-
-
Splines\M96\Potez300\RQ_9,5_2spur_6,5m_Sidewalk - bocne-linije.sli
1292139575
-
-
Splines\M96\Potez300\Special\Asfalt_4m-svetli.sli
1281592150
-
-
Splines\M96\Potez300\trotoar-1,5m-sa-travom-5m.sli
1287032273
-
-
Splines\M96\Potez300\trotoar-1-5-zid-v-1-5m.sli
1257089912
-
-
Splines\Marcel\invis_street.sli
999142606
-
-
Splines\Ruede\DDR_Brick_Wall_01.sli
1259517212
-
-
Splines\Ruede\Kabel_holzmast_6m.sli
1259517197
-
-
Splines\Terrain Spline\Terrain Spline_Other textures\Terrain-Spline_Origin_Betonplatten\20mTerrain_Spline_Origin_Betonplatten.sli
1157970318
-
-
Splines\Test_skrzyzowania\Asfalt_2m_new.sli
1210494019
-
-
Splines\Test_skrzyzowania\Asfalt_3m.sli
1080978261
-
-
Splines\Test_skrzyzowania\Asfalt_5m.sli
1080978359
-
-
Splines\Test_skrzyzowania\Asfalt_7m.sli
1080978667
-
-
Splines\Test_skrzyzowania\Asfalt_9m.sli
1080978721
-
-
Splines\Test_skrzyzowania\Bruk_5m.sli
1091271651
-
-
Splines\Test_skrzyzowania\Chodnik_3m.sli
1080718104
-
-
Splines\Test_skrzyzowania\Chodnik_5m.sli
1080717909
-
-
Splines\Test_skrzyzowania\Chodnik_kraweznik_1,5m.sli
1080527314
-
-
Splines\Test_skrzyzowania\Kraweznik_0,3m.sli
1260201202
-
-
Splines\Test_skrzyzowania\zebra.sli
1059679472
-
-
Splines\Tettau\Asphalt2_5m.sli
1147361717
-
-
