Sceneryobjects\Kostelec_T18\ploty_zidky\Plot_9_A.sco
1183294646
1183294646
-1
Sceneryobjects\M96\Potez300\buildings_rue_mod\Haus02c2.sco
1133249351
1133249351
-1
Sceneryobjects\M96\Potez300\ograde\zicana-1 - Copy - Copy.sco
1282316006
1282316006
-1
Sceneryobjects\mauer\mauer.sco
1052735852
1052735852
-1
Sceneryobjects\Objects_SN\Zaun_5m_03.sco
1050757607
1050757607
-1
Sceneryobjects\Ruede\forest_backdrop01.sco
1186494564
1186494564
-1
Sceneryobjects\Streetobjects_RUE\DDR_Pole_Beton_cable.sco
1133249363
1133249363
-1
Sceneryobjects\Trees_MC\shrubbery_03_10.sco
1149917589
1149917589
-1
Sceneryobjects\Trees_MC\shrubbery_04_10.sco
1149917594
1149917594
-1
Sceneryobjects\Trees_MC\tree_large_04.sco
1133249420
1133249420
-1
Sceneryobjects\Trees_MC\tree_medium_02.sco
1133249359
1133249359
-1
Sceneryobjects\Trees_MC\tree_medium_07.sco
1133249367
1133249367
-1
Splines\M96\Potez300\put-trava-dole-ka-zaklopaci3 - asfalt.sli
1280222324
-
-
Splines\M96\Potez300\put-trava-dole-ka-zaklopaci3.sli
1279835340
-
-
Splines\M96\Potez300\RQ_9,5_2spur_6,5m-novi-asfalt-sa-strane-sa-travom-20m-8m-nadole2.sli
1279764576
-
-
Splines\M96\Potez300\RQ_9,5_2spur_6,5m-novi-asfalt-sa-strane-sa-travom-6m-brdo-desno+put-3m-asfaltni.sli
1280222352
-
-
