Sceneryobjects\DolniKounice\Zed_bila_10m.sco
1128044945
1128044945
-1
Sceneryobjects\Kostelec_T18\ploty_zidky\Plot_9_C.sco
1183540168
1183540168
-1
Sceneryobjects\mmiki26\dom 4\dmk4.sco
1120836803
1120836803
-1
Sceneryobjects\Ruede\forest_backdrop01.sco
1143303573
1143303573
-1
Sceneryobjects\Streetobjects_RUE\DDR_Pole_Beton_cable.sco
1143303438
1143303438
-1
Sceneryobjects\Trees_MC\shrubbery_01_20.sco
1133268380
1133268380
-1
Sceneryobjects\Trees_MC\shrubbery_04_20.sco
1133268451
1133268451
-1
Sceneryobjects\Trees_MC\shrubbery_04_20_mod.sco
1155355324
1155355324
-1
Sceneryobjects\Trees_MC\tree_large_04.sco
1133268392
1133268392
-1
Sceneryobjects\Trees_MC\tree_medium_02.sco
1133268393
1133268393
-1
Sceneryobjects\Trees_MC\tree_medium_04.sco
1133268388
1133268388
-1
Sceneryobjects\Trees_MC\tree_medium_09.sco
1133268388
1133268388
-1
Splines\M96\Potez300\plantaze1-9-5-1.sli
1288866230
-
-
Splines\M96\Potez300\plantaze1-9-5-2.sli
1288866275
-
-
Splines\Ruede\Kabel_holzmast_6m.sli
1143303473
-
-
