Sceneryobjects\Belgrade\BusOznakaBG2\BusOznakaBG2.sco
1196522410
1196522410
-1
Sceneryobjects\Generic\bus_stop.sco
1133249430
1133249430
-1
Sceneryobjects\Generic\people_standing_small.sco
1133249352
1133249352
-1
Sceneryobjects\Gonzales\Stanica pecurka.sco
1201320709
1201320709
-1
Sceneryobjects\Gonzales\Stanica.sco
1201320714
1201320714
-1
Sceneryobjects\M96\Potez300\ograde\zicana-1.sco
1282315995
1282315995
-1
Sceneryobjects\Ruede\forest_backdrop01.sco
1186494564
1186494564
-1
Sceneryobjects\Trees_MC\shrubbery_01_20.sco
1149917586
1149917586
-1
Sceneryobjects\Trees_MC\shrubbery_04_20.sco
1149917595
1149917595
-1
Sceneryobjects\Trees_MC\shrubbery_04_20_mod.sco
1155353276
1155353276
-1
Sceneryobjects\Trees_MC\tree_large_04.sco
1133249420
1133249420
-1
Sceneryobjects\Trees_MC\tree_medium_04.sco
1133249359
1133249359
-1
Sceneryobjects\Trees_MC\Wheats_01.sco
1086426692
1086426692
-1
Splines\DavidM 2412\mark_Zebrastreifen.sli
1182292093
-
-
Splines\M96\Potez300\9,5_puna_linija_bez_bocnih - stajaliste-desno.sli
1298638135
-
-
Splines\M96\Potez300\9,5_puna_linija_bez_bocnih - stajaliste-levo.sli
1298638451
-
-
Splines\M96\Potez300\Chodnik_kraweznik_2m.sli
1080527574
-
-
Splines\M96\Potez300\ka-bolecu-9-5-bez-bocnih-linija4.sli
1291101289
-
-
Splines\M96\Potez300\trava-4m.sli
1281591484
-
-
Splines\M96\Potez300\zemljani-put-4m.sli
1279889018
-
-
Splines\Test_skrzyzowania\Asfalt_1m.sli
1080978251
-
-
