Sceneryobjects\AFG_Converts\bin01.sco
1291150054
1291150054
-1
Sceneryobjects\AFG_Line_164\NB_build24.sco
1165601963
1165601963
-1
Sceneryobjects\AFG_Line_235\NB_build08b.sco
1291150054
1291150054
-1
Sceneryobjects\AFG_Others\light01_s.sco
1116124304
1116124304
-1
Sceneryobjects\Belgrade\BusOznakaBG2\BusOznakaBG2.sco
1196524458
1196524458
-1
Sceneryobjects\Buildings_DDR_RUE\DDR_House_s_06.sco
1133251394
1133251394
-1
Sceneryobjects\Buildings_DDR_RUE\DDR_House_s_08.sco
1133251472
1133251472
-1
Sceneryobjects\Buildings_MC\Box01.sco
1323588544
1323588544
-1
Sceneryobjects\Buildings_MC\bw_med_01.sco
1323588518
1323588518
-1
Sceneryobjects\Buildings_MC\bw_med_02.sco
1323588546
1323588546
-1
Sceneryobjects\Buildings_MC\bw_row50s_08.sco
1323588518
1323588518
-1
Sceneryobjects\Buildings_MC\bw_rowold_04.sco
1323588561
1323588561
-1
Sceneryobjects\Buildings_MC\bw_rowold_sm_06.sco
1323588547
1323588547
-1
Sceneryobjects\Buildings_MC\bw_supermarkt_1.sco
1323588519
1323588519
-1
Sceneryobjects\BusdriversObjekte\AmpelMain 30.60.sco
1088065685
1088065685
-1
Sceneryobjects\D016_znacky\InfProvozni\IP4b-Jedosmer_provoz.sco
1117673648
1117673648
-1
Sceneryobjects\D016_znacky\Prednost\P6-Stuj_dej_prednost.sco
1117157394
1117157394
-1
Sceneryobjects\D016_znacky\Prikazove\C2d-Prik_smer_RP.sco
1117616950
1117616950
-1
Sceneryobjects\D016_znacky\Zakazove\B28-Zakaz_zastaveni.sco
1117488384
1117488384
-1
Sceneryobjects\Express 91.06\odreid\Ampelmast_Kurz_S2.sco
1323589282
1323589282
-1
Sceneryobjects\Express 91.06\odreid\Ampelmast_Lang_SM2.sco
1323589282
1323589282
-1
Sceneryobjects\Generic\bus_stop.sco
1186492451
1186492451
-1
Sceneryobjects\Generic\car_park.sco
1186492418
1186492418
-1
Sceneryobjects\Generic\entrypoint_bus.sco
1186492418
1186492418
-1
Sceneryobjects\Generic\people_standing_small.sco
1186492558
1186492558
-1
Sceneryobjects\Generic\routearrow_L.sco
1186492458
1186492458
-1
Sceneryobjects\Generic\routearrow_R.sco
1186492278
1186492278
-1
Sceneryobjects\Generic\routearrows_busstop.sco
1186492513
1186492513
-1
Sceneryobjects\Gonzales\Stanica.sco
1201322762
1201322762
-1
Sceneryobjects\M96\Potez300\buildings_mc\wohngew_med_01.sco
1230790319
1230790319
-1
Sceneryobjects\M96\Potez300\buildings_rue_mod\Haus02c2.sco
1133251399
1133251399
-1
Sceneryobjects\M96\Potez300\buildings_rue_mod\Haus02d.sco
1133251465
1133251465
-1
Sceneryobjects\M96\Potez300\grocka\kuca-kod-semafora-1.sco
1356571033
1356571033
-1
Sceneryobjects\M96\Potez300\grocka\zgrada1.sco
1357031737
1357031737
-1
Sceneryobjects\M96\Potez300\simple-streets-mod\RQ_9,5_2spur_6,5m_Sidewalk_junct-bez-linija.sco
1323080760
1323080760
-1
Sceneryobjects\M96\Potez300\znakovi\stubovi-mod\sloupek.sco
1334880419
1334880419
-1
Sceneryobjects\Objects_SN\Zaun_5m_01.sco
1291150073
1291150073
-1
Sceneryobjects\Objects_SN\Zaun_5m_03.sco
1291150073
1291150073
-1
Sceneryobjects\Objects_SN\Zaun3k.sco
1291150073
1291150073
-1
Sceneryobjects\Polskie sygnalizatory\S-2_prawy\S-2_prawy.sco
1291150074
1291150074
-1
Sceneryobjects\Ruede\hst_wartehaus_alt01.sco
1186492728
1186492728
-1
Sceneryobjects\Streetobjects_RUE\DDR_Pole_Wood_cable.sco
1186492587
1186492587
-1
Sceneryobjects\Streetobjects_RUE\neonlight_S_break_S.sco
1186492587
1186492587
-1
Sceneryobjects\Streetobjects_RUE\neonlight_S_wood.sco
1186492812
1186492812
-1
Sceneryobjects\Streetobjects_RUE\sodiumlight_L_break_L.sco
1186492692
1186492692
-1
Sceneryobjects\Trees_MC\arbor_sixpack.sco
1133251410
1133251410
-1
Sceneryobjects\Trees_MC\shrubbery_01_10_nocollision.sco
1077120331
1077120331
-1
Sceneryobjects\Trees_MC\shrubbery_03_20.sco
1133251479
1133251479
-1
Sceneryobjects\Trees_MC\shrubbery_04_10.sco
1133251450
1133251450
-1
Sceneryobjects\Trees_MC\tree_large_01.sco
1133251457
1133251457
-1
Sceneryobjects\Trees_MC\tree_medium_01.sco
1133251413
1133251413
-1
Sceneryobjects\Trees_MC\tree_medium_02.sco
1133251407
1133251407
-1
Sceneryobjects\Trees_MC\tree_medium_04.sco
1133251407
1133251407
-1
Sceneryobjects\Trees_MC\tree_medium_06.sco
1133251491
1133251491
-1
Sceneryobjects\Trees_MC\tree_medium_08.sco
1133251407
1133251407
-1
Sceneryobjects\Verkehrszeichen_MC\Ampel_Kfz_1.sco
1133251414
1133251414
-1
Sceneryobjects\Verkehrszeichen_MC\Ampel_Kfz_OhBlind_1.sco
1133251412
1133251412
-1
Sceneryobjects\Verkehrszeichen_MC\Ampel_Mensch_1.sco
1133251480
1133251480
-1
Sceneryobjects\Verkehrszeichen_MC\VZ_att_vereng_l_m_mast.sco
1133251427
1133251427
-1
Splines\BS_ADDON_CreativeStreets\Gehwege\BS_Gehweg_Asphalt01_OD_05m.sli
1178239180
-
-
Splines\BS_ADDON_CreativeStreets\Gehwege\BS_Gehweg_Asphalt01_OE_02m.sli
1178239180
-
-
Splines\BS_ADDON_CreativeStreets\Gehwege\BS_Gehweg_Pflaster03_OD_05m.sli
1178238797
-
-
Splines\BS_ADDON_CreativeStreets\Gehwege\BS_Gehweg_Pflaster05_OD_05m.sli
1178238978
-
-
Splines\BS_ADDON_CreativeStreets\Mauern\BS_Mauern_Laermschutzmauer02_M.sli
1179036105
-
-
Splines\BS_ADDON_CreativeStreets\Mauern\BS_Mauern_Laermschutzmauer03_L.sli
1179036205
-
-
Splines\BS_ADDON_CreativeStreets\Mauern\BS_Mauern_Mauer01_M_020m.sli
1179625920
-
-
Splines\BS_ADDON_CreativeStreets\Mauern\BS_Mauern_Mauer01_M_030m.sli
1179625816
-
-
Splines\BS_ADDON_CreativeStreets\Mauern\BS_Mauern_Mauer05_M_030m.sli
1179625816
-
-
Splines\BS_ADDON_CreativeStreets\Natur\BS_Natur_Buesche01_EN.sli
1179101469
-
-
Splines\BS_ADDON_CreativeStreets\Natur\BS_Natur_Buesche04_EN.sli
1179101483
-
-
Splines\BS_ADDON_CreativeStreets\Sonstiges\BS_Sonstiges_Betonbande01.sli
1158239116
-
-
Splines\BS_ADDON_CreativeStreets\Sonstiges\BS_Sonstiges_BordsteinSchraeg_M.sli
1179100485
-
-
Splines\BS_ADDON_CreativeStreets\Sonstiges\BS_Sonstiges_Gelaender02.sli
1165010119
-
-
Splines\BS_ADDON_CreativeStreets\Sonstiges\BS_Sonstiges_Treppe01_M.sli
1179101289
-
-
Splines\BS_ADDON_CreativeStreets\Strassenmarkierungen\BS_StrMarkierung_Weiss_L.sli
1178305191
-
-
Splines\BS_ADDON_CreativeStreets\Strassenmarkierungen\BS_StrMarkierung_Weiss_M.sli
1178305189
-
-
Splines\BS_ADDON_CreativeStreets\Strassenmarkierungen\BS_StrMarkierung_Zebrastreifen_S.sli
1184271481
-
-
Splines\M96\Belgrade-Potez300\Test_skrzyzowania\Asfalt_5m.sli
1080982455
-
-
Splines\M96\Belgrade-Potez300\Test_skrzyzowania\Asfalt_7m.sli
1080982763
-
-
Splines\M96\invis_street.sli
1181617209
-
-
Splines\M96\Potez300\9,5_bez_ikakvih_linija.sli
1255965650
-
-
Splines\M96\Potez300\9,5_isprekidana_linija-bez-bocnih.sli
1260028244
-
-
Splines\M96\Potez300\Asfalt_4m-svetli2.sli
1283101724
-
-
Splines\M96\Potez300\Chodnik_kraweznik_1,5m.sli
1080529362
-
-
Splines\M96\Potez300\grocka-grocica-obala3.sli
1357287494
-
-
Splines\M96\Potez300\RQ_7,5_2spur_5,5m_Sidewalk.sli
1047221001
-
-
Splines\M96\Potez300\RQ_9,5_2spur_6,5m_Desni-Sidewalk-puna-linija.sli
1323081124
-
-
Splines\M96\Potez300\RQ_9,5_2spur_6,5m_Desni-Trotoar.sli
1324593017
-
-
Splines\M96\Potez300\RQ_9,5_2spur_6,5m_Levi-Sidewalk.sli
1322287610
-
-
Splines\M96\Potez300\RQ_9,5_2spur_6,5m_Levi-Trotoar.sli
1326352067
-
-
Splines\M96\Potez300\RQ_9,5_2spur_6,5m_Sidewalk - bocne-linije.sli
1292141623
-
-
Splines\M96\Potez300\RQ_9,5_2spur_6,5m_Trotoar-Levi-Ivicnjak.sli
1353354907
-
-
Splines\M96\Potez300\trava-4m.sli
1281593532
-
-
Splines\M96\Razno\LezeciPolicajac\lezeci-policajac.sli
1353953541
-
-
Splines\M96\Test_skrzyzowania\Asfalt_10m.sli
1080980796
-
-
Splines\M96\Test_skrzyzowania\Asfalt_16m.sli
1080980935
-
-
Splines\M96\Test_skrzyzowania\Asfalt_20m.sli
1080980993
-
-
Splines\M96\Test_skrzyzowania\Asfalt_7m.sli
1080980715
-
-
Splines\O3D_SimpleCrossingSplines\Gras1_10m.sli
1157271811
-
-
Splines\Terrain Spline\Terrain Spline_Other textures\Terrain-Spline_Hafen\4mTerrain_Spline_Hafen.sli
1157911322
-
-
Splines\Terrain Spline\Terrain Spline_Other textures\Terrain-Spline_Hafen\8mTerrain_Spline_Hafen.sli
1157911330
-
-
Splines\Terrain Spline\Terrain Spline_Other textures\Terrain-Spline_Innenstadt11\20mTerrain_Spline_Innenstadt11.sli
1157911361
-
-
Splines\Test_skrzyzowania\Asfalt_5m.sli
1080980407
-
-
Splines\Test_skrzyzowania\Asfalt_7m.sli
1080980715
-
-
