Sceneryobjects\Kostelec_T18\ploty_zidky\Plot_9_A.sco
1183294646
1183294646
-1
Sceneryobjects\M96\Potez300\ograde\zicana-1.sco
1282315995
1282315995
-1
Sceneryobjects\Nemolus Objekte\Verkehrszeichen\VZ_Mast_AllgšberholverbotAufgeh.sco
1047494906
1047494906
-1
Sceneryobjects\Ruede\forest_backdrop01.sco
1186494564
1186494564
-1
Sceneryobjects\Streetobjects_RUE\neonlight_L_bend_L.sco
1133249402
1133249402
-1
Sceneryobjects\Trees_MC\shrubbery_01_20.sco
1149917586
1149917586
-1
Sceneryobjects\Trees_MC\shrubbery_03_20.sco
1149917591
1149917591
-1
Sceneryobjects\Trees_MC\shrubbery_04_20.sco
1149917595
1149917595
-1
Sceneryobjects\Trees_MC\shrubbery_04_20_mod.sco
1155353276
1155353276
-1
Sceneryobjects\Trees_MC\tree_large_02.sco
1133249359
1133249359
-1
Sceneryobjects\Trees_MC\tree_large_04.sco
1133249420
1133249420
-1
Sceneryobjects\Trees_MC\tree_large_06.sco
1133249367
1133249367
-1
Sceneryobjects\Trees_MC\tree_medium_02.sco
1133249359
1133249359
-1
Sceneryobjects\Trees_MC\tree_medium_04.sco
1133249359
1133249359
-1
Sceneryobjects\Trees_MC\tree_medium_06.sco
1133249443
1133249443
-1
Sceneryobjects\Trees_MC\tree_medium_07.sco
1133249367
1133249367
-1
Sceneryobjects\Trees_MC\tree_medium_09.sco
1133249443
1133249443
-1
Sceneryobjects\Trees_MC\Tree_Small_02.sco
1133249359
1133249359
-1
Splines\M96\Potez300\put-trava-dole-ka-zaklopaci-suprotno.sli
1279955361
-
-
Splines\M96\Potez300\RQ_9,5_2spur_6,5m-novi-asfalt-sa-strane-sa-travom-10m-3m-uvis+kanal-puna-linija2.sli
1284536452
-
-
Splines\M96\Potez300\RQ_9,5_2spur_6,5m-novi-asfalt-sa-strane-sa-travom-20m-8m-nadole-puna-linija.sli
1284536499
-
-
Splines\M96\Potez300\zemljani-put-4m.sli
1279889018
-
-
