Sceneryobjects\Buildings_MC\bw_med_01.sco
1323586470
1323586470
-1
Sceneryobjects\Kostelec_T18\ploty_zidky\Plot_3_B.sco
1291148015
1291148015
-1
Sceneryobjects\Kostelec_T18\ploty_zidky\Plot_7_C.sco
1291148015
1291148015
-1
Sceneryobjects\Kostelec_T18\ploty_zidky\Plot_9_A.sco
1291148015
1291148015
-1
Sceneryobjects\Ruede\forest_backdrop01.sco
1186490468
1186490468
-1
Sceneryobjects\Trees_MC\shrubbery_01_10.sco
1133249362
1133249362
-1
Sceneryobjects\Trees_MC\shrubbery_03_20.sco
1133249431
1133249431
-1
Sceneryobjects\Trees_MC\shrubbery_04_20.sco
1133249363
1133249363
-1
Sceneryobjects\Trees_MC\tree_large_04.sco
1133249420
1133249420
-1
Sceneryobjects\Trees_MC\tree_medium_06.sco
1133249443
1133249443
-1
Sceneryobjects\Trees_MC\tree_medium_07.sco
1133249367
1133249367
-1
Sceneryobjects\UL\domek3.sco
1083856912
1083856912
-1
Sceneryobjects\UL\domek6.sco
1083856996
1083856996
-1
Splines\M96\Potez300\7,5-bez-linija-ai-trava-fill-dole2.sli
1264030038
-
-
