Sceneryobjects\AFG_Converts\automat_cola02.sco
1114214661
1114214661
-1
Sceneryobjects\AFG_Converts\automat_pepsi.sco
1114214828
1114214828
-1
Sceneryobjects\AFG_Others\busstop_old_03.sco
1111622954
1111622954
-1
Sceneryobjects\Azzoni94\Kuca 3\kuca.sco
1178404598
1178404598
-1
Sceneryobjects\Buildings_MC\bw_med_01.sco
1186494120
1186494120
-1
Sceneryobjects\Buildings_MC\bw_workshop_01.sco
1186494194
1186494194
-1
Sceneryobjects\Buildings_RUE\Haus03e.sco
1133249401
1133249401
-1
Sceneryobjects\ETS_converts\gate.sco
1159683055
1159683055
-1
Sceneryobjects\ETS_converts\gate02.sco
1159683453
1159683453
-1
Sceneryobjects\Generic\bus_stop.sco
1133249430
1133249430
-1
Sceneryobjects\Generic\car_park.sco
1133249355
1133249355
-1
Sceneryobjects\Generic\people_standing_small.sco
1133249352
1133249352
-1
Sceneryobjects\Gonzales\Stanica pecurka.sco
1201320709
1201320709
-1
Sceneryobjects\Gonzales\Stanica.sco
1201320714
1201320714
-1
Sceneryobjects\Kostelec_T18\ploty_zidky\Plot_7_C.sco
1183538113
1183538113
-1
Sceneryobjects\Kostelec_T18\ploty_zidky\Plot_9_A.sco
1183294646
1183294646
-1
Sceneryobjects\M96\Potez300\buildings_rue_mod\Haus02c2.sco
1133249351
1133249351
-1
Sceneryobjects\M96\Potez300\grocka\tahiti.sco
1283102376
1283102376
-1
Sceneryobjects\M96\Potez300\ograde\zelena-ograda-mreza\zica.sco
1282316011
1282316011
-1
Sceneryobjects\M96\Potez300\ograde\zicana-1 - Copy - Copy.sco
1282316006
1282316006
-1
Sceneryobjects\Objects_SN\Zaun_5m_03.sco
1050757607
1050757607
-1
Sceneryobjects\Objects_SN\Zaun3.sco
1093247692
1093247692
-1
Sceneryobjects\Ruede\forest_backdrop01.sco
1186494564
1186494564
-1
Sceneryobjects\Trees_MC\shrubbery_01_20.sco
1149917586
1149917586
-1
Sceneryobjects\Trees_MC\shrubbery_03_10.sco
1149917589
1149917589
-1
Sceneryobjects\Trees_MC\shrubbery_03_10_mod.sco
1155353261
1155353261
-1
Sceneryobjects\Trees_MC\shrubbery_03_20.sco
1149917591
1149917591
-1
Sceneryobjects\Trees_MC\shrubbery_04_10.sco
1149917594
1149917594
-1
Sceneryobjects\Trees_MC\shrubbery_04_20.sco
1149917595
1149917595
-1
Sceneryobjects\Trees_MC\tree_large_02.sco
1133249359
1133249359
-1
Sceneryobjects\Trees_MC\tree_large_04.sco
1133249420
1133249420
-1
Sceneryobjects\Trees_MC\tree_medium_02.sco
1133249359
1133249359
-1
Sceneryobjects\Trees_MC\tree_medium_07.sco
1133249367
1133249367
-1
Sceneryobjects\Trees_MC\tree_medium_09.sco
1133249443
1133249443
-1
Splines\M96\Potez300\Asfalt_10m-svetli2.sli
1283036968
-
-
Splines\M96\Potez300\Asfalt_4m-svetli.sli
1281592150
-
-
Splines\M96\Potez300\Asfalt_4m-svetli2.sli
1283099676
-
-
Splines\M96\Potez300\Asfalt_7m-svetli2.sli
1282843990
-
-
Splines\M96\Potez300\blato-5m.sli
1283099401
-
-
Splines\M96\Potez300\RQ_9,5_2spur_6,5m-bez-linija-sa-strane - desno_pad_0-2m_trava-6m-levo_1m_ravno_pa_37m_brdo_uvis_4m.sli
1283164508
-
-
Splines\M96\Potez300\RQ_9,5_2spur_6,5m-bez-linija-sa-strane - desno_pad_0-6m_pesak-9m-levo_1m_ravno_pa_37m_brdo_uvis_4m.sli
1284994715
-
-
Splines\M96\Potez300\RQ_9,5_2spur_6,5m-bez-linija-sa-strane - desno_pad_0-6m_trava-3m-levo_1m_ravno_pa_17m_brdo_uvis_2m.sli
1277269807
-
-
Splines\M96\Potez300\RQ_9,5_2spur_6,5m-bez-linija-sa-strane.sli
1268160553
-
-
Splines\M96\Potez300\RQ_9,5_2spur_6,5m-spec1.sli
1279765816
-
-
Splines\M96\Potez300\zemljani-put-4m.sli
1279889018
-
-
Splines\Test_skrzyzowania\Asfalt_5m.sli
1080978359
-
-
Splines\Test_skrzyzowania\Bruk_5m.sli
1091271651
-
-
